
Jan 29, 2017 18:57:13.97 NEW SESSION
Jan 29, 2017 18:57:13.97 [Child 3524] WARNING: pipe error: 109: file c:/builds/moz2_slave/m-rel-w32-00000000000000000000/build/src/ipc/chromium/src/chrome/common/ipc_channel_win.cc, line 346

Jan 29, 2017 22:48:37.77 NEW SESSION
Jan 29, 2017 22:48:37.77 [Child 3384] WARNING: pipe error: 109: file c:/builds/moz2_slave/m-rel-w32-00000000000000000000/build/src/ipc/chromium/src/chrome/common/ipc_channel_win.cc, line 346
Jan 29, 2017 22:54:29.69 [Child 3884] WARNING: pipe error: 109: file c:/builds/moz2_slave/m-rel-w32-00000000000000000000/build/src/ipc/chromium/src/chrome/common/ipc_channel_win.cc, line 346
Jan 29, 2017 23:14:27.95 [Child 3192] WARNING: pipe error: 109: file c:/builds/moz2_slave/m-rel-w32-00000000000000000000/build/src/ipc/chromium/src/chrome/common/ipc_channel_win.cc, line 346
Jan 29, 2017 23:38:08.96 [Parent 2600] WARNING: pipe error: 109: file c:/builds/moz2_slave/m-rel-w32-00000000000000000000/build/src/ipc/chromium/src/chrome/common/ipc_channel_win.cc, line 346
Jan 29, 2017 23:38:26.66 [Child 1092] WARNING: pipe error: 109: file c:/builds/moz2_slave/m-rel-w32-00000000000000000000/build/src/ipc/chromium/src/chrome/common/ipc_channel_win.cc, line 346
Jan 29, 2017 23:38:26.70 
Jan 29, 2017 23:38:26.70 ###!!! [Child][MessageChannel] Error: (msgtype=0x4A00C3,name=PContent::Msg_ConsoleMessage) Channel closing: too late to send/recv, messages will be lost
Jan 29, 2017 23:38:26.70 

Jan 31, 2017 15:37:46.66 NEW SESSION
Jan 31, 2017 15:37:46.66 [Child 3200] WARNING: pipe error: 109: file c:/builds/moz2_slave/m-rel-w32-00000000000000000000/build/src/ipc/chromium/src/chrome/common/ipc_channel_win.cc, line 346
Jan 31, 2017 15:37:46.67 [Child 3200] WARNING: pipe error: 109: file c:/builds/moz2_slave/m-rel-w32-00000000000000000000/build/src/ipc/chromium/src/chrome/common/ipc_channel_win.cc, line 346
Jan 31, 2017 15:58:16.71 console.warn: LoginHelper: dedupeLogins: Deduping with a scheme preference but couldn't get the preferred origin scheme.

Feb 01, 2017 16:03:22.38 NEW SESSION
Feb 01, 2017 16:03:22.38 1485945202377	addons.update-checker	WARN	Update manifest for aushelper@mozilla.org did not contain an updates property
Feb 01, 2017 16:03:22.40 1485945202391	addons.update-checker	WARN	Update manifest for firefox@getpocket.com did not contain an updates property
Feb 01, 2017 16:03:22.42 1485945202422	addons.update-checker	WARN	Update manifest for e10srollout@mozilla.org did not contain an updates property
Feb 01, 2017 16:03:22.44 1485945202435	addons.update-checker	WARN	Update manifest for webcompat@mozilla.org did not contain an updates property
Feb 01, 2017 16:03:22.62 1485945202621	addons.update-checker	WARN	Update manifest for {972ce4c6-7e08-4474-a285-3208198ce6fd} did not contain an updates property
Feb 01, 2017 16:39:34.10 
Feb 01, 2017 16:39:34.10 ###!!! [Child][MessageChannel] Error: (msgtype=0x8E000F,name=PHttpChannel::Msg_DeletingChannel) Channel closing: too late to send/recv, messages will be lost
Feb 01, 2017 16:39:34.10 
Feb 01, 2017 16:39:34.10 
Feb 01, 2017 16:39:34.10 ###!!! [Child][OnMaybeDequeueOne] Error: Channel closing: too late to send/recv, messages will be lost
Feb 01, 2017 16:39:34.10 
Feb 01, 2017 16:39:34.10 [Child 676] WARNING: pipe error: 109: file c:/builds/moz2_slave/m-rel-w32-00000000000000000000/build/src/ipc/chromium/src/chrome/common/ipc_channel_win.cc, line 346
Feb 01, 2017 16:39:34.11 
Feb 01, 2017 16:39:34.11 ###!!! [Child][OnMaybeDequeueOne] Error: Channel closing: too late to send/recv, messages will be lost
Feb 01, 2017 16:39:34.11 
Feb 01, 2017 16:39:34.11 
Feb 01, 2017 16:39:34.11 ###!!! [Child][OnMaybeDequeueOne] Error: Channel closing: too late to send/recv, messages will be lost
Feb 01, 2017 16:39:34.11 
Feb 01, 2017 16:39:34.11 
Feb 01, 2017 16:39:34.11 ###!!! [Child][OnMaybeDequeueOne] Error: Channel closing: too late to send/recv, messages will be lost
Feb 01, 2017 16:39:34.11 
Feb 01, 2017 16:39:34.11 
Feb 01, 2017 16:39:34.11 ###!!! [Child][OnMaybeDequeueOne] Error: Channel closing: too late to send/recv, messages will be lost
Feb 01, 2017 16:39:34.11 
Feb 01, 2017 16:39:34.11 
Feb 01, 2017 16:39:34.11 ###!!! [Child][OnMaybeDequeueOne] Error: Channel closing: too late to send/recv, messages will be lost
Feb 01, 2017 16:39:34.11 
Feb 01, 2017 16:39:34.11 
Feb 01, 2017 16:39:34.11 ###!!! [Child][MessageChannel] Error: (msgtype=0x4A011D,name=PContent::Msg_AsyncMessage) Channel closing: too late to send/recv, messages will be lost
Feb 01, 2017 16:39:34.11 
Feb 01, 2017 16:39:34.11 
Feb 01, 2017 16:39:34.11 ###!!! [Child][MessageChannel] Error: (msgtype=0x2E0045,name=PBrowser::Msg___delete__) Channel closing: too late to send/recv, messages will be lost
Feb 01, 2017 16:39:34.11 
Feb 01, 2017 16:39:34.11 
Feb 01, 2017 16:39:34.11 ###!!! [Child][OnMaybeDequeueOne] Error: Channel closing: too late to send/recv, messages will be lost
Feb 01, 2017 16:39:34.11 
Feb 01, 2017 16:39:34.11 
Feb 01, 2017 16:39:34.11 ###!!! [Child][OnMaybeDequeueOne] Error: Channel closing: too late to send/recv, messages will be lost
Feb 01, 2017 16:39:34.11 
Feb 01, 2017 16:39:34.11 
Feb 01, 2017 16:39:34.11 ###!!! [Child][OnMaybeDequeueOne] Error: Channel closing: too late to send/recv, messages will be lost
Feb 01, 2017 16:39:34.11 
Feb 01, 2017 16:39:34.11 
Feb 01, 2017 16:39:34.11 ###!!! [Child][MessageChannel] Error: (msgtype=0x4A00C4,name=PContent::Msg_ScriptError) Channel closing: too late to send/recv, messages will be lost
Feb 01, 2017 16:39:34.11 
Feb 01, 2017 16:39:34.11 
Feb 01, 2017 16:39:34.11 ###!!! [Child][OnMaybeDequeueOne] Error: Channel closing: too late to send/recv, messages will be lost
Feb 01, 2017 16:39:34.11 
Feb 01, 2017 16:39:34.11 
Feb 01, 2017 16:39:34.11 ###!!! [Child][OnMaybeDequeueOne] Error: Channel closing: too late to send/recv, messages will be lost
Feb 01, 2017 16:39:34.11 
Feb 01, 2017 16:39:34.11 
Feb 01, 2017 16:39:34.12 ###!!! [Child][MessageChannel] Error: (msgtype=0x4A00C4,name=PContent::Msg_ScriptError) Channel closing: too late to send/recv, messages will be lost
Feb 01, 2017 16:39:34.12 
Feb 01, 2017 16:39:34.12 
Feb 01, 2017 16:39:34.12 ###!!! [Child][OnMaybeDequeueOne] Error: Channel closing: too late to send/recv, messages will be lost
Feb 01, 2017 16:39:34.12 
Feb 01, 2017 16:39:34.12 
Feb 01, 2017 16:39:34.12 ###!!! [Child][OnMaybeDequeueOne] Error: Channel closing: too late to send/recv, messages will be lost
Feb 01, 2017 16:39:34.12 
Feb 01, 2017 16:39:34.12 
Feb 01, 2017 16:39:34.12 ###!!! [Child][MessageChannel] Error: (msgtype=0x4A00C4,name=PContent::Msg_ScriptError) Channel closing: too late to send/recv, messages will be lost
Feb 01, 2017 16:39:34.12 
Feb 01, 2017 16:39:34.12 
Feb 01, 2017 16:39:34.12 ###!!! [Child][OnMaybeDequeueOne] Error: Channel closing: too late to send/recv, messages will be lost
Feb 01, 2017 16:39:34.12 
Feb 01, 2017 16:39:34.12 
Feb 01, 2017 16:39:34.12 ###!!! [Child][OnMaybeDequeueOne] Error: Channel closing: too late to send/recv, messages will be lost
Feb 01, 2017 16:39:34.12 
Feb 01, 2017 16:39:34.12 
Feb 01, 2017 16:39:34.12 ###!!! [Child][MessageChannel] Error: (msgtype=0x4A00C4,name=PContent::Msg_ScriptError) Channel closing: too late to send/recv, messages will be lost
Feb 01, 2017 16:39:34.12 
Feb 01, 2017 16:39:34.12 
Feb 01, 2017 16:39:34.12 ###!!! [Child][OnMaybeDequeueOne] Error: Channel closing: too late to send/recv, messages will be lost
Feb 01, 2017 16:39:34.12 
Feb 01, 2017 16:39:34.12 
Feb 01, 2017 16:39:34.12 ###!!! [Child][OnMaybeDequeueOne] Error: Channel closing: too late to send/recv, messages will be lost
Feb 01, 2017 16:39:34.12 
Feb 01, 2017 16:39:34.12 
Feb 01, 2017 16:39:34.12 ###!!! [Child][MessageChannel] Error: (msgtype=0x4A00C4,name=PContent::Msg_ScriptError) Channel closing: too late to send/recv, messages will be lost
Feb 01, 2017 16:39:34.12 
Feb 01, 2017 16:39:34.12 
Feb 01, 2017 16:39:34.12 ###!!! [Child][OnMaybeDequeueOne] Error: Channel closing: too late to send/recv, messages will be lost
Feb 01, 2017 16:39:34.12 
Feb 01, 2017 16:39:34.12 
Feb 01, 2017 16:39:34.12 ###!!! [Child][OnMaybeDequeueOne] Error: Channel closing: too late to send/recv, messages will be lost
Feb 01, 2017 16:39:34.12 
Feb 01, 2017 16:39:34.12 
Feb 01, 2017 16:39:34.12 ###!!! [Child][MessageChannel] Error: (msgtype=0x4A00C4,name=PContent::Msg_ScriptError) Channel closing: too late to send/recv, messages will be lost
Feb 01, 2017 16:39:34.12 
Feb 01, 2017 16:39:34.12 
Feb 01, 2017 16:39:34.12 ###!!! [Child][OnMaybeDequeueOne] Error: Channel closing: too late to send/recv, messages will be lost
Feb 01, 2017 16:39:34.12 
Feb 01, 2017 16:39:34.12 
Feb 01, 2017 16:39:34.12 ###!!! [Child][OnMaybeDequeueOne] Error: Channel closing: too late to send/recv, messages will be lost
Feb 01, 2017 16:39:34.12 
Feb 01, 2017 16:39:34.12 
Feb 01, 2017 16:39:34.12 ###!!! [Child][MessageChannel] Error: (msgtype=0x4A00C4,name=PContent::Msg_ScriptError) Channel closing: too late to send/recv, messages will be lost
Feb 01, 2017 16:39:34.12 
Feb 01, 2017 16:39:34.12 
Feb 01, 2017 16:39:34.12 ###!!! [Child][OnMaybeDequeueOne] Error: Channel closing: too late to send/recv, messages will be lost
Feb 01, 2017 16:39:34.12 
Feb 01, 2017 16:39:34.12 
Feb 01, 2017 16:39:34.12 ###!!! [Child][OnMaybeDequeueOne] Error: Channel closing: too late to send/recv, messages will be lost
Feb 01, 2017 16:39:34.12 
Feb 01, 2017 16:39:34.12 
Feb 01, 2017 16:39:34.12 ###!!! [Child][MessageChannel] Error: (msgtype=0x4A00C4,name=PContent::Msg_ScriptError) Channel closing: too late to send/recv, messages will be lost
Feb 01, 2017 16:39:34.12 
Feb 01, 2017 16:39:34.12 
Feb 01, 2017 16:39:34.12 ###!!! [Child][OnMaybeDequeueOne] Error: Channel closing: too late to send/recv, messages will be lost
Feb 01, 2017 16:39:34.12 
Feb 01, 2017 16:39:34.12 
Feb 01, 2017 16:39:34.12 ###!!! [Child][OnMaybeDequeueOne] Error: Channel closing: too late to send/recv, messages will be lost
Feb 01, 2017 16:39:34.12 
Feb 01, 2017 16:39:34.12 
Feb 01, 2017 16:39:34.12 ###!!! [Child][MessageChannel] Error: (msgtype=0x4A00C4,name=PContent::Msg_ScriptError) Channel closing: too late to send/recv, messages will be lost
Feb 01, 2017 16:39:34.12 
Feb 01, 2017 16:39:34.12 
Feb 01, 2017 16:39:34.12 ###!!! [Child][OnMaybeDequeueOne] Error: Channel closing: too late to send/recv, messages will be lost
Feb 01, 2017 16:39:34.12 
Feb 01, 2017 16:39:34.12 
Feb 01, 2017 16:39:34.12 ###!!! [Child][OnMaybeDequeueOne] Error: Channel closing: too late to send/recv, messages will be lost
Feb 01, 2017 16:39:34.12 
Feb 01, 2017 16:39:34.12 
Feb 01, 2017 16:39:34.12 ###!!! [Child][MessageChannel] Error: (msgtype=0x4A00C4,name=PContent::Msg_ScriptError) Channel closing: too late to send/recv, messages will be lost
Feb 01, 2017 16:39:34.12 
Feb 01, 2017 16:39:34.12 
Feb 01, 2017 16:39:34.12 ###!!! [Child][OnMaybeDequeueOne] Error: Channel closing: too late to send/recv, messages will be lost
Feb 01, 2017 16:39:34.12 
Feb 01, 2017 16:39:34.12 
Feb 01, 2017 16:39:34.12 ###!!! [Child][OnMaybeDequeueOne] Error: Channel closing: too late to send/recv, messages will be lost
Feb 01, 2017 16:39:34.12 
Feb 01, 2017 16:39:34.12 
Feb 01, 2017 16:39:34.12 ###!!! [Child][MessageChannel] Error: (msgtype=0x4A00C4,name=PContent::Msg_ScriptError) Channel closing: too late to send/recv, messages will be lost
Feb 01, 2017 16:39:34.12 
Feb 01, 2017 16:39:34.12 
Feb 01, 2017 16:39:34.12 ###!!! [Child][OnMaybeDequeueOne] Error: Channel closing: too late to send/recv, messages will be lost
Feb 01, 2017 16:39:34.12 
Feb 01, 2017 16:39:34.12 
Feb 01, 2017 16:39:34.12 ###!!! [Child][OnMaybeDequeueOne] Error: Channel closing: too late to send/recv, messages will be lost
Feb 01, 2017 16:39:34.12 
Feb 01, 2017 16:39:34.12 
Feb 01, 2017 16:39:34.12 ###!!! [Child][MessageChannel] Error: (msgtype=0x4A00C4,name=PContent::Msg_ScriptError) Channel closing: too late to send/recv, messages will be lost
Feb 01, 2017 16:39:34.12 
Feb 01, 2017 16:39:34.12 
Feb 01, 2017 16:39:34.12 ###!!! [Child][OnMaybeDequeueOne] Error: Channel closing: too late to send/recv, messages will be lost
Feb 01, 2017 16:39:34.12 
Feb 01, 2017 16:39:34.12 
Feb 01, 2017 16:39:34.12 ###!!! [Child][OnMaybeDequeueOne] Error: Channel closing: too late to send/recv, messages will be lost
Feb 01, 2017 16:39:34.12 
Feb 01, 2017 16:39:34.12 
Feb 01, 2017 16:39:34.12 ###!!! [Child][MessageChannel] Error: (msgtype=0x4A00C4,name=PContent::Msg_ScriptError) Channel closing: too late to send/recv, messages will be lost
Feb 01, 2017 16:39:34.13 
Feb 01, 2017 16:39:34.13 
Feb 01, 2017 16:39:34.13 ###!!! [Child][OnMaybeDequeueOne] Error: Channel closing: too late to send/recv, messages will be lost
Feb 01, 2017 16:39:34.13 
Feb 01, 2017 16:39:34.13 
Feb 01, 2017 16:39:34.13 ###!!! [Child][OnMaybeDequeueOne] Error: Channel closing: too late to send/recv, messages will be lost
Feb 01, 2017 16:39:34.13 
Feb 01, 2017 16:39:34.13 
Feb 01, 2017 16:39:34.13 ###!!! [Child][MessageChannel] Error: (msgtype=0x4A00C4,name=PContent::Msg_ScriptError) Channel closing: too late to send/recv, messages will be lost
Feb 01, 2017 16:39:34.13 
Feb 01, 2017 16:39:34.13 
Feb 01, 2017 16:39:34.13 ###!!! [Child][MessageChannel] Error: (msgtype=0x4A011D,name=PContent::Msg_AsyncMessage) Channel closing: too late to send/recv, messages will be lost
Feb 01, 2017 16:39:34.13 
Feb 01, 2017 16:39:34.13 
Feb 01, 2017 16:39:34.13 ###!!! [Child][MessageChannel] Error: (msgtype=0x2E0045,name=PBrowser::Msg___delete__) Channel closing: too late to send/recv, messages will be lost
Feb 01, 2017 16:39:34.13 
Feb 01, 2017 16:39:34.13 
Feb 01, 2017 16:39:34.13 ###!!! [Child][OnMaybeDequeueOne] Error: Channel closing: too late to send/recv, messages will be lost
Feb 01, 2017 16:39:34.13 
Feb 01, 2017 16:39:34.13 
Feb 01, 2017 16:39:34.13 ###!!! [Child][OnMaybeDequeueOne] Error: Channel closing: too late to send/recv, messages will be lost
Feb 01, 2017 16:39:34.13 
Feb 01, 2017 16:39:34.13 
Feb 01, 2017 16:39:34.13 ###!!! [Child][MessageChannel] Error: (msgtype=0x4A00C4,name=PContent::Msg_ScriptError) Channel closing: too late to send/recv, messages will be lost
Feb 01, 2017 16:39:34.13 
Feb 01, 2017 16:39:34.13 
Feb 01, 2017 16:39:34.13 ###!!! [Child][OnMaybeDequeueOne] Error: Channel closing: too late to send/recv, messages will be lost
Feb 01, 2017 16:39:34.13 
Feb 01, 2017 16:39:34.13 
Feb 01, 2017 16:39:34.13 ###!!! [Child][OnMaybeDequeueOne] Error: Channel closing: too late to send/recv, messages will be lost
Feb 01, 2017 16:39:34.13 
Feb 01, 2017 16:39:34.13 
Feb 01, 2017 16:39:34.13 ###!!! [Child][MessageChannel] Error: (msgtype=0x4A00C4,name=PContent::Msg_ScriptError) Channel closing: too late to send/recv, messages will be lost
Feb 01, 2017 16:39:34.13 
Feb 01, 2017 16:39:34.13 
Feb 01, 2017 16:39:34.13 ###!!! [Child][OnMaybeDequeueOne] Error: Channel closing: too late to send/recv, messages will be lost
Feb 01, 2017 16:39:34.13 
Feb 01, 2017 16:39:34.13 
Feb 01, 2017 16:39:34.13 ###!!! [Child][OnMaybeDequeueOne] Error: Channel closing: too late to send/recv, messages will be lost
Feb 01, 2017 16:39:34.13 
Feb 01, 2017 16:39:34.13 
Feb 01, 2017 16:39:34.13 ###!!! [Child][MessageChannel] Error: (msgtype=0x4A00C4,name=PContent::Msg_ScriptError) Channel closing: too late to send/recv, messages will be lost
Feb 01, 2017 16:39:34.13 
Feb 01, 2017 16:39:34.13 
Feb 01, 2017 16:39:34.13 ###!!! [Child][OnMaybeDequeueOne] Error: Channel closing: too late to send/recv, messages will be lost
Feb 01, 2017 16:39:34.13 
Feb 01, 2017 16:39:34.13 
Feb 01, 2017 16:39:34.13 ###!!! [Child][OnMaybeDequeueOne] Error: Channel closing: too late to send/recv, messages will be lost
Feb 01, 2017 16:39:34.13 
Feb 01, 2017 16:39:34.13 
Feb 01, 2017 16:39:34.13 ###!!! [Child][MessageChannel] Error: (msgtype=0x4A00C4,name=PContent::Msg_ScriptError) Channel closing: too late to send/recv, messages will be lost
Feb 01, 2017 16:39:34.13 
Feb 01, 2017 16:39:34.13 
Feb 01, 2017 16:39:34.13 ###!!! [Child][OnMaybeDequeueOne] Error: Channel closing: too late to send/recv, messages will be lost
Feb 01, 2017 16:39:34.13 
Feb 01, 2017 16:39:34.13 
Feb 01, 2017 16:39:34.13 ###!!! [Child][OnMaybeDequeueOne] Error: Channel closing: too late to send/recv, messages will be lost
Feb 01, 2017 16:39:34.13 
Feb 01, 2017 16:39:34.13 
Feb 01, 2017 16:39:34.13 ###!!! [Child][MessageChannel] Error: (msgtype=0x4A00C4,name=PContent::Msg_ScriptError) Channel closing: too late to send/recv, messages will be lost
Feb 01, 2017 16:39:34.13 
Feb 01, 2017 16:39:34.13 
Feb 01, 2017 16:39:34.13 ###!!! [Child][OnMaybeDequeueOne] Error: Channel closing: too late to send/recv, messages will be lost
Feb 01, 2017 16:39:34.13 
Feb 01, 2017 16:39:34.13 
Feb 01, 2017 16:39:34.13 ###!!! [Child][OnMaybeDequeueOne] Error: Channel closing: too late to send/recv, messages will be lost
Feb 01, 2017 16:39:34.13 
Feb 01, 2017 16:39:34.13 
Feb 01, 2017 16:39:34.13 ###!!! [Child][MessageChannel] Error: (msgtype=0x4A00C4,name=PContent::Msg_ScriptError) Channel closing: too late to send/recv, messages will be lost
Feb 01, 2017 16:39:34.13 
Feb 01, 2017 16:39:34.13 
Feb 01, 2017 16:39:34.13 ###!!! [Child][OnMaybeDequeueOne] Error: Channel closing: too late to send/recv, messages will be lost
Feb 01, 2017 16:39:34.13 
Feb 01, 2017 16:39:34.13 
Feb 01, 2017 16:39:34.13 ###!!! [Child][OnMaybeDequeueOne] Error: Channel closing: too late to send/recv, messages will be lost
Feb 01, 2017 16:39:34.13 
Feb 01, 2017 16:39:34.13 
Feb 01, 2017 16:39:34.13 ###!!! [Child][MessageChannel] Error: (msgtype=0x4A00C4,name=PContent::Msg_ScriptError) Channel closing: too late to send/recv, messages will be lost
Feb 01, 2017 16:39:34.13 
Feb 01, 2017 16:39:34.13 
Feb 01, 2017 16:39:34.13 ###!!! [Child][OnMaybeDequeueOne] Error: Channel closing: too late to send/recv, messages will be lost
Feb 01, 2017 16:39:34.13 
Feb 01, 2017 16:39:34.13 
Feb 01, 2017 16:39:34.13 ###!!! [Child][OnMaybeDequeueOne] Error: Channel closing: too late to send/recv, messages will be lost
Feb 01, 2017 16:39:34.13 
Feb 01, 2017 16:39:34.13 
Feb 01, 2017 16:39:34.13 ###!!! [Child][MessageChannel] Error: (msgtype=0x4A00C4,name=PContent::Msg_ScriptError) Channel closing: too late to send/recv, messages will be lost
Feb 01, 2017 16:39:34.13 
Feb 01, 2017 16:39:34.13 
Feb 01, 2017 16:39:34.13 ###!!! [Child][OnMaybeDequeueOne] Error: Channel closing: too late to send/recv, messages will be lost
Feb 01, 2017 16:39:34.13 
Feb 01, 2017 16:39:34.13 
Feb 01, 2017 16:39:34.13 ###!!! [Child][OnMaybeDequeueOne] Error: Channel closing: too late to send/recv, messages will be lost
Feb 01, 2017 16:39:34.13 
Feb 01, 2017 16:39:34.13 
Feb 01, 2017 16:39:34.13 ###!!! [Child][MessageChannel] Error: (msgtype=0x4A00C4,name=PContent::Msg_ScriptError) Channel closing: too late to send/recv, messages will be lost
Feb 01, 2017 16:39:34.13 
Feb 01, 2017 16:39:34.14 
Feb 01, 2017 16:39:34.14 ###!!! [Child][OnMaybeDequeueOne] Error: Channel closing: too late to send/recv, messages will be lost
Feb 01, 2017 16:39:34.14 
Feb 01, 2017 16:39:34.14 
Feb 01, 2017 16:39:34.14 ###!!! [Child][OnMaybeDequeueOne] Error: Channel closing: too late to send/recv, messages will be lost
Feb 01, 2017 16:39:34.14 
Feb 01, 2017 16:39:34.14 
Feb 01, 2017 16:39:34.14 ###!!! [Child][MessageChannel] Error: (msgtype=0x4A00C4,name=PContent::Msg_ScriptError) Channel closing: too late to send/recv, messages will be lost
Feb 01, 2017 16:39:34.14 
Feb 01, 2017 16:39:34.14 
Feb 01, 2017 16:39:34.14 ###!!! [Child][OnMaybeDequeueOne] Error: Channel closing: too late to send/recv, messages will be lost
Feb 01, 2017 16:39:34.14 
Feb 01, 2017 16:39:34.14 
Feb 01, 2017 16:39:34.14 ###!!! [Child][OnMaybeDequeueOne] Error: Channel closing: too late to send/recv, messages will be lost
Feb 01, 2017 16:39:34.14 
Feb 01, 2017 16:39:34.14 
Feb 01, 2017 16:39:34.14 ###!!! [Child][MessageChannel] Error: (msgtype=0x4A00C4,name=PContent::Msg_ScriptError) Channel closing: too late to send/recv, messages will be lost
Feb 01, 2017 16:39:34.14 
Feb 01, 2017 16:39:34.14 
Feb 01, 2017 16:39:34.14 ###!!! [Child][OnMaybeDequeueOne] Error: Channel closing: too late to send/recv, messages will be lost
Feb 01, 2017 16:39:34.14 
Feb 01, 2017 16:39:34.14 
Feb 01, 2017 16:39:34.14 ###!!! [Child][OnMaybeDequeueOne] Error: Channel closing: too late to send/recv, messages will be lost
Feb 01, 2017 16:39:34.14 
Feb 01, 2017 16:39:34.14 
Feb 01, 2017 16:39:34.14 ###!!! [Child][MessageChannel] Error: (msgtype=0x4A00C4,name=PContent::Msg_ScriptError) Channel closing: too late to send/recv, messages will be lost
Feb 01, 2017 16:39:34.14 
Feb 01, 2017 16:39:34.14 
Feb 01, 2017 16:39:34.14 ###!!! [Child][OnMaybeDequeueOne] Error: Channel closing: too late to send/recv, messages will be lost
Feb 01, 2017 16:39:34.14 
Feb 01, 2017 16:39:34.14 
Feb 01, 2017 16:39:34.14 ###!!! [Child][OnMaybeDequeueOne] Error: Channel closing: too late to send/recv, messages will be lost
Feb 01, 2017 16:39:34.14 
Feb 01, 2017 16:39:34.14 
Feb 01, 2017 16:39:34.14 ###!!! [Child][MessageChannel] Error: (msgtype=0x4A00C4,name=PContent::Msg_ScriptError) Channel closing: too late to send/recv, messages will be lost
Feb 01, 2017 16:39:34.14 
Feb 01, 2017 16:39:34.14 
Feb 01, 2017 16:39:34.14 ###!!! [Child][OnMaybeDequeueOne] Error: Channel closing: too late to send/recv, messages will be lost
Feb 01, 2017 16:39:34.14 
Feb 01, 2017 16:39:34.14 
Feb 01, 2017 16:39:34.14 ###!!! [Child][OnMaybeDequeueOne] Error: Channel closing: too late to send/recv, messages will be lost
Feb 01, 2017 16:39:34.14 
Feb 01, 2017 16:39:34.14 
Feb 01, 2017 16:39:34.14 ###!!! [Child][MessageChannel] Error: (msgtype=0x4A00C4,name=PContent::Msg_ScriptError) Channel closing: too late to send/recv, messages will be lost
Feb 01, 2017 16:39:34.14 
Feb 01, 2017 16:39:34.14 
Feb 01, 2017 16:39:34.14 ###!!! [Child][OnMaybeDequeueOne] Error: Channel closing: too late to send/recv, messages will be lost
Feb 01, 2017 16:39:34.14 
Feb 01, 2017 16:39:34.14 
Feb 01, 2017 16:39:34.14 ###!!! [Child][OnMaybeDequeueOne] Error: Channel closing: too late to send/recv, messages will be lost
Feb 01, 2017 16:39:34.14 
Feb 01, 2017 16:39:34.14 
Feb 01, 2017 16:39:34.14 ###!!! [Child][MessageChannel] Error: (msgtype=0x4A00C4,name=PContent::Msg_ScriptError) Channel closing: too late to send/recv, messages will be lost
Feb 01, 2017 16:39:34.14 
Feb 01, 2017 16:39:34.14 
Feb 01, 2017 16:39:34.14 ###!!! [Child][OnMaybeDequeueOne] Error: Channel closing: too late to send/recv, messages will be lost
Feb 01, 2017 16:39:34.14 
Feb 01, 2017 16:39:34.14 
Feb 01, 2017 16:39:34.14 ###!!! [Child][OnMaybeDequeueOne] Error: Channel closing: too late to send/recv, messages will be lost
Feb 01, 2017 16:39:34.14 
Feb 01, 2017 16:39:34.14 
Feb 01, 2017 16:39:34.14 ###!!! [Child][MessageChannel] Error: (msgtype=0x4A00C4,name=PContent::Msg_ScriptError) Channel closing: too late to send/recv, messages will be lost
Feb 01, 2017 16:39:34.14 
Feb 01, 2017 16:39:34.14 
Feb 01, 2017 16:39:34.14 ###!!! [Child][OnMaybeDequeueOne] Error: Channel closing: too late to send/recv, messages will be lost
Feb 01, 2017 16:39:34.14 
Feb 01, 2017 16:39:34.14 
Feb 01, 2017 16:39:34.14 ###!!! [Child][OnMaybeDequeueOne] Error: Channel closing: too late to send/recv, messages will be lost
Feb 01, 2017 16:39:34.14 
Feb 01, 2017 16:39:34.14 
Feb 01, 2017 16:39:34.14 ###!!! [Child][MessageChannel] Error: (msgtype=0x4A00C4,name=PContent::Msg_ScriptError) Channel closing: too late to send/recv, messages will be lost
Feb 01, 2017 16:39:34.14 
Feb 01, 2017 16:39:34.14 
Feb 01, 2017 16:39:34.14 ###!!! [Child][OnMaybeDequeueOne] Error: Channel closing: too late to send/recv, messages will be lost
Feb 01, 2017 16:39:34.15 
Feb 01, 2017 16:39:34.15 
Feb 01, 2017 16:39:34.15 ###!!! [Child][OnMaybeDequeueOne] Error: Channel closing: too late to send/recv, messages will be lost
Feb 01, 2017 16:39:34.15 
Feb 01, 2017 16:39:34.15 
Feb 01, 2017 16:39:34.15 ###!!! [Child][MessageChannel] Error: (msgtype=0x4A00C4,name=PContent::Msg_ScriptError) Channel closing: too late to send/recv, messages will be lost
Feb 01, 2017 16:39:34.15 
Feb 01, 2017 16:39:34.15 
Feb 01, 2017 16:39:34.15 ###!!! [Child][OnMaybeDequeueOne] Error: Channel closing: too late to send/recv, messages will be lost
Feb 01, 2017 16:39:34.15 
Feb 01, 2017 16:39:34.15 
Feb 01, 2017 16:39:34.15 ###!!! [Child][OnMaybeDequeueOne] Error: Channel closing: too late to send/recv, messages will be lost
Feb 01, 2017 16:39:34.15 
Feb 01, 2017 16:39:34.15 
Feb 01, 2017 16:39:34.15 ###!!! [Child][MessageChannel] Error: (msgtype=0x4A00C4,name=PContent::Msg_ScriptError) Channel closing: too late to send/recv, messages will be lost
Feb 01, 2017 16:39:34.15 
Feb 01, 2017 16:39:34.15 
Feb 01, 2017 16:39:34.15 ###!!! [Child][MessageChannel] Error: (msgtype=0x4A011D,name=PContent::Msg_AsyncMessage) Channel closing: too late to send/recv, messages will be lost
Feb 01, 2017 16:39:34.15 
Feb 01, 2017 16:39:34.15 
Feb 01, 2017 16:39:34.15 ###!!! [Child][MessageChannel] Error: (msgtype=0x4A011D,name=PContent::Msg_AsyncMessage) Channel closing: too late to send/recv, messages will be lost
Feb 01, 2017 16:39:34.15 
Feb 01, 2017 16:39:34.15 
Feb 01, 2017 16:39:34.15 ###!!! [Child][MessageChannel] Error: (msgtype=0x4A011D,name=PContent::Msg_AsyncMessage) Channel closing: too late to send/recv, messages will be lost
Feb 01, 2017 16:39:34.15 
Feb 01, 2017 16:39:34.15 
Feb 01, 2017 16:39:34.15 ###!!! [Child][MessageChannel] Error: (msgtype=0x4A011D,name=PContent::Msg_AsyncMessage) Channel closing: too late to send/recv, messages will be lost
Feb 01, 2017 16:39:34.15 
Feb 01, 2017 16:39:34.15 
Feb 01, 2017 16:39:34.15 ###!!! [Child][MessageChannel] Error: (msgtype=0x4A011D,name=PContent::Msg_AsyncMessage) Channel closing: too late to send/recv, messages will be lost
Feb 01, 2017 16:39:34.15 
Feb 01, 2017 16:39:34.15 
Feb 01, 2017 16:39:34.15 ###!!! [Child][MessageChannel] Error: (msgtype=0x4A011D,name=PContent::Msg_AsyncMessage) Channel closing: too late to send/recv, messages will be lost
Feb 01, 2017 16:39:34.15 
Feb 01, 2017 16:39:34.15 
Feb 01, 2017 16:39:34.15 ###!!! [Child][MessageChannel] Error: (msgtype=0x4A011D,name=PContent::Msg_AsyncMessage) Channel closing: too late to send/recv, messages will be lost
Feb 01, 2017 16:39:34.15 
Feb 01, 2017 16:39:34.15 
Feb 01, 2017 16:39:34.15 ###!!! [Child][MessageChannel] Error: (msgtype=0x2E0045,name=PBrowser::Msg___delete__) Channel closing: too late to send/recv, messages will be lost
Feb 01, 2017 16:39:34.15 
Feb 01, 2017 16:39:34.15 
Feb 01, 2017 16:39:34.15 ###!!! [Child][OnMaybeDequeueOne] Error: Channel closing: too late to send/recv, messages will be lost
Feb 01, 2017 16:39:34.15 
Feb 01, 2017 16:39:34.15 
Feb 01, 2017 16:39:34.15 ###!!! [Child][OnMaybeDequeueOne] Error: Channel closing: too late to send/recv, messages will be lost
Feb 01, 2017 16:39:34.15 
Feb 01, 2017 16:39:34.15 
Feb 01, 2017 16:39:34.15 ###!!! [Child][MessageChannel] Error: (msgtype=0x4A00C4,name=PContent::Msg_ScriptError) Channel closing: too late to send/recv, messages will be lost
Feb 01, 2017 16:39:34.15 
Feb 01, 2017 16:39:34.15 
Feb 01, 2017 16:39:34.15 ###!!! [Child][OnMaybeDequeueOne] Error: Channel closing: too late to send/recv, messages will be lost
Feb 01, 2017 16:39:34.15 
Feb 01, 2017 16:39:34.15 
Feb 01, 2017 16:39:34.15 ###!!! [Child][OnMaybeDequeueOne] Error: Channel closing: too late to send/recv, messages will be lost
Feb 01, 2017 16:39:34.15 
Feb 01, 2017 16:39:34.15 
Feb 01, 2017 16:39:34.15 ###!!! [Child][MessageChannel] Error: (msgtype=0x4A00C4,name=PContent::Msg_ScriptError) Channel closing: too late to send/recv, messages will be lost
Feb 01, 2017 16:39:34.15 
Feb 01, 2017 16:39:34.15 
Feb 01, 2017 16:39:34.15 ###!!! [Child][OnMaybeDequeueOne] Error: Channel closing: too late to send/recv, messages will be lost
Feb 01, 2017 16:39:34.15 
Feb 01, 2017 16:39:34.15 
Feb 01, 2017 16:39:34.15 ###!!! [Child][OnMaybeDequeueOne] Error: Channel closing: too late to send/recv, messages will be lost
Feb 01, 2017 16:39:34.15 
Feb 01, 2017 16:39:34.15 
Feb 01, 2017 16:39:34.15 ###!!! [Child][MessageChannel] Error: (msgtype=0x4A00C4,name=PContent::Msg_ScriptError) Channel closing: too late to send/recv, messages will be lost
Feb 01, 2017 16:39:34.15 
Feb 01, 2017 16:39:34.15 
Feb 01, 2017 16:39:34.15 ###!!! [Child][OnMaybeDequeueOne] Error: Channel closing: too late to send/recv, messages will be lost
Feb 01, 2017 16:39:34.15 
Feb 01, 2017 16:39:34.15 
Feb 01, 2017 16:39:34.15 ###!!! [Child][OnMaybeDequeueOne] Error: Channel closing: too late to send/recv, messages will be lost
Feb 01, 2017 16:39:34.15 
Feb 01, 2017 16:39:34.15 
Feb 01, 2017 16:39:34.15 ###!!! [Child][MessageChannel] Error: (msgtype=0x4A00C4,name=PContent::Msg_ScriptError) Channel closing: too late to send/recv, messages will be lost
Feb 01, 2017 16:39:34.16 
Feb 01, 2017 16:39:34.16 
Feb 01, 2017 16:39:34.16 ###!!! [Child][OnMaybeDequeueOne] Error: Channel closing: too late to send/recv, messages will be lost
Feb 01, 2017 16:39:34.16 
Feb 01, 2017 16:39:34.16 
Feb 01, 2017 16:39:34.16 ###!!! [Child][OnMaybeDequeueOne] Error: Channel closing: too late to send/recv, messages will be lost
Feb 01, 2017 16:39:34.16 
Feb 01, 2017 16:39:34.16 
Feb 01, 2017 16:39:34.16 ###!!! [Child][MessageChannel] Error: (msgtype=0x4A00C4,name=PContent::Msg_ScriptError) Channel closing: too late to send/recv, messages will be lost
Feb 01, 2017 16:39:34.16 
Feb 01, 2017 16:39:34.16 
Feb 01, 2017 16:39:34.16 ###!!! [Child][OnMaybeDequeueOne] Error: Channel closing: too late to send/recv, messages will be lost
Feb 01, 2017 16:39:34.16 
Feb 01, 2017 16:39:34.16 
Feb 01, 2017 16:39:34.16 ###!!! [Child][OnMaybeDequeueOne] Error: Channel closing: too late to send/recv, messages will be lost
Feb 01, 2017 16:39:34.16 
Feb 01, 2017 16:39:34.16 
Feb 01, 2017 16:39:34.16 ###!!! [Child][MessageChannel] Error: (msgtype=0x4A00C4,name=PContent::Msg_ScriptError) Channel closing: too late to send/recv, messages will be lost
Feb 01, 2017 16:39:34.16 
Feb 01, 2017 16:39:34.16 
Feb 01, 2017 16:39:34.16 ###!!! [Child][OnMaybeDequeueOne] Error: Channel closing: too late to send/recv, messages will be lost
Feb 01, 2017 16:39:34.16 
Feb 01, 2017 16:39:34.16 
Feb 01, 2017 16:39:34.16 ###!!! [Child][OnMaybeDequeueOne] Error: Channel closing: too late to send/recv, messages will be lost
Feb 01, 2017 16:39:34.16 
Feb 01, 2017 16:39:34.16 
Feb 01, 2017 16:39:34.16 ###!!! [Child][MessageChannel] Error: (msgtype=0x4A00C4,name=PContent::Msg_ScriptError) Channel closing: too late to send/recv, messages will be lost
Feb 01, 2017 16:39:34.16 
Feb 01, 2017 16:39:34.16 
Feb 01, 2017 16:39:34.16 ###!!! [Child][OnMaybeDequeueOne] Error: Channel closing: too late to send/recv, messages will be lost
Feb 01, 2017 16:39:34.16 
Feb 01, 2017 16:39:34.16 
Feb 01, 2017 16:39:34.16 ###!!! [Child][OnMaybeDequeueOne] Error: Channel closing: too late to send/recv, messages will be lost
Feb 01, 2017 16:39:34.16 
Feb 01, 2017 16:39:34.16 
Feb 01, 2017 16:39:34.16 ###!!! [Child][MessageChannel] Error: (msgtype=0x4A00C4,name=PContent::Msg_ScriptError) Channel closing: too late to send/recv, messages will be lost
Feb 01, 2017 16:39:34.16 
Feb 01, 2017 16:39:34.16 
Feb 01, 2017 16:39:34.16 ###!!! [Child][OnMaybeDequeueOne] Error: Channel closing: too late to send/recv, messages will be lost
Feb 01, 2017 16:39:34.16 
Feb 01, 2017 16:39:34.16 
Feb 01, 2017 16:39:34.16 ###!!! [Child][OnMaybeDequeueOne] Error: Channel closing: too late to send/recv, messages will be lost
Feb 01, 2017 16:39:34.16 
Feb 01, 2017 16:39:34.16 
Feb 01, 2017 16:39:34.16 ###!!! [Child][MessageChannel] Error: (msgtype=0x4A00C4,name=PContent::Msg_ScriptError) Channel closing: too late to send/recv, messages will be lost
Feb 01, 2017 16:39:34.16 
Feb 01, 2017 16:39:34.16 
Feb 01, 2017 16:39:34.16 ###!!! [Child][OnMaybeDequeueOne] Error: Channel closing: too late to send/recv, messages will be lost
Feb 01, 2017 16:39:34.16 
Feb 01, 2017 16:39:34.16 
Feb 01, 2017 16:39:34.16 ###!!! [Child][OnMaybeDequeueOne] Error: Channel closing: too late to send/recv, messages will be lost
Feb 01, 2017 16:39:34.16 
Feb 01, 2017 16:39:34.16 
Feb 01, 2017 16:39:34.16 ###!!! [Child][MessageChannel] Error: (msgtype=0x4A00C4,name=PContent::Msg_ScriptError) Channel closing: too late to send/recv, messages will be lost
Feb 01, 2017 16:39:34.16 
Feb 01, 2017 16:39:34.16 
Feb 01, 2017 16:39:34.16 ###!!! [Child][OnMaybeDequeueOne] Error: Channel closing: too late to send/recv, messages will be lost
Feb 01, 2017 16:39:34.16 
Feb 01, 2017 16:39:34.16 
Feb 01, 2017 16:39:34.16 ###!!! [Child][OnMaybeDequeueOne] Error: Channel closing: too late to send/recv, messages will be lost
Feb 01, 2017 16:39:34.16 
Feb 01, 2017 16:39:34.16 
Feb 01, 2017 16:39:34.16 ###!!! [Child][MessageChannel] Error: (msgtype=0x4A00C4,name=PContent::Msg_ScriptError) Channel closing: too late to send/recv, messages will be lost
Feb 01, 2017 16:39:34.16 
Feb 01, 2017 16:39:34.16 
Feb 01, 2017 16:39:34.16 ###!!! [Child][OnMaybeDequeueOne] Error: Channel closing: too late to send/recv, messages will be lost
Feb 01, 2017 16:39:34.16 
Feb 01, 2017 16:39:34.16 
Feb 01, 2017 16:39:34.16 ###!!! [Child][OnMaybeDequeueOne] Error: Channel closing: too late to send/recv, messages will be lost
Feb 01, 2017 16:39:34.16 
Feb 01, 2017 16:39:34.16 
Feb 01, 2017 16:39:34.16 ###!!! [Child][MessageChannel] Error: (msgtype=0x4A00C4,name=PContent::Msg_ScriptError) Channel closing: too late to send/recv, messages will be lost
Feb 01, 2017 16:39:34.17 
Feb 01, 2017 16:39:34.17 
Feb 01, 2017 16:39:34.17 ###!!! [Child][OnMaybeDequeueOne] Error: Channel closing: too late to send/recv, messages will be lost
Feb 01, 2017 16:39:34.17 
Feb 01, 2017 16:39:34.17 
Feb 01, 2017 16:39:34.17 ###!!! [Child][OnMaybeDequeueOne] Error: Channel closing: too late to send/recv, messages will be lost
Feb 01, 2017 16:39:34.17 
Feb 01, 2017 16:39:34.17 
Feb 01, 2017 16:39:34.17 ###!!! [Child][MessageChannel] Error: (msgtype=0x4A00C4,name=PContent::Msg_ScriptError) Channel closing: too late to send/recv, messages will be lost
Feb 01, 2017 16:39:34.17 
Feb 01, 2017 16:39:34.17 
Feb 01, 2017 16:39:34.17 ###!!! [Child][OnMaybeDequeueOne] Error: Channel closing: too late to send/recv, messages will be lost
Feb 01, 2017 16:39:34.17 
Feb 01, 2017 16:39:34.17 
Feb 01, 2017 16:39:34.17 ###!!! [Child][OnMaybeDequeueOne] Error: Channel closing: too late to send/recv, messages will be lost
Feb 01, 2017 16:39:34.17 
Feb 01, 2017 16:39:34.17 
Feb 01, 2017 16:39:34.17 ###!!! [Child][MessageChannel] Error: (msgtype=0x4A00C4,name=PContent::Msg_ScriptError) Channel closing: too late to send/recv, messages will be lost
Feb 01, 2017 16:39:34.17 
Feb 01, 2017 16:39:34.17 
Feb 01, 2017 16:39:34.17 ###!!! [Child][OnMaybeDequeueOne] Error: Channel closing: too late to send/recv, messages will be lost
Feb 01, 2017 16:39:34.17 
Feb 01, 2017 16:39:34.17 
Feb 01, 2017 16:39:34.17 ###!!! [Child][OnMaybeDequeueOne] Error: Channel closing: too late to send/recv, messages will be lost
Feb 01, 2017 16:39:34.17 
Feb 01, 2017 16:39:34.17 
Feb 01, 2017 16:39:34.17 ###!!! [Child][MessageChannel] Error: (msgtype=0x4A00C4,name=PContent::Msg_ScriptError) Channel closing: too late to send/recv, messages will be lost
Feb 01, 2017 16:39:34.17 
Feb 01, 2017 16:39:34.17 
Feb 01, 2017 16:39:34.17 ###!!! [Child][OnMaybeDequeueOne] Error: Channel closing: too late to send/recv, messages will be lost
Feb 01, 2017 16:39:34.17 
Feb 01, 2017 16:39:34.17 
Feb 01, 2017 16:39:34.17 ###!!! [Child][OnMaybeDequeueOne] Error: Channel closing: too late to send/recv, messages will be lost
Feb 01, 2017 16:39:34.17 
Feb 01, 2017 16:39:34.17 
Feb 01, 2017 16:39:34.17 ###!!! [Child][MessageChannel] Error: (msgtype=0x4A00C4,name=PContent::Msg_ScriptError) Channel closing: too late to send/recv, messages will be lost
Feb 01, 2017 16:39:34.17 
Feb 01, 2017 16:39:34.17 
Feb 01, 2017 16:39:34.17 ###!!! [Child][OnMaybeDequeueOne] Error: Channel closing: too late to send/recv, messages will be lost
Feb 01, 2017 16:39:34.17 
Feb 01, 2017 16:39:34.17 
Feb 01, 2017 16:39:34.17 ###!!! [Child][OnMaybeDequeueOne] Error: Channel closing: too late to send/recv, messages will be lost
Feb 01, 2017 16:39:34.17 
Feb 01, 2017 16:39:34.17 
Feb 01, 2017 16:39:34.17 ###!!! [Child][MessageChannel] Error: (msgtype=0x4A00C4,name=PContent::Msg_ScriptError) Channel closing: too late to send/recv, messages will be lost
Feb 01, 2017 16:39:34.17 
Feb 01, 2017 16:39:34.17 
Feb 01, 2017 16:39:34.17 ###!!! [Child][OnMaybeDequeueOne] Error: Channel closing: too late to send/recv, messages will be lost
Feb 01, 2017 16:39:34.17 
Feb 01, 2017 16:39:34.17 
Feb 01, 2017 16:39:34.17 ###!!! [Child][OnMaybeDequeueOne] Error: Channel closing: too late to send/recv, messages will be lost
Feb 01, 2017 16:39:34.17 
Feb 01, 2017 16:39:34.17 
Feb 01, 2017 16:39:34.17 ###!!! [Child][MessageChannel] Error: (msgtype=0x4A00C4,name=PContent::Msg_ScriptError) Channel closing: too late to send/recv, messages will be lost
Feb 01, 2017 16:39:34.17 
Feb 01, 2017 16:39:34.17 
Feb 01, 2017 16:39:34.17 ###!!! [Child][OnMaybeDequeueOne] Error: Channel closing: too late to send/recv, messages will be lost
Feb 01, 2017 16:39:34.17 
Feb 01, 2017 16:39:34.17 
Feb 01, 2017 16:39:34.17 ###!!! [Child][OnMaybeDequeueOne] Error: Channel closing: too late to send/recv, messages will be lost
Feb 01, 2017 16:39:34.17 
Feb 01, 2017 16:39:34.17 
Feb 01, 2017 16:39:34.17 ###!!! [Child][MessageChannel] Error: (msgtype=0x4A00C4,name=PContent::Msg_ScriptError) Channel closing: too late to send/recv, messages will be lost
Feb 01, 2017 16:39:34.17 
Feb 01, 2017 16:39:34.17 
Feb 01, 2017 16:39:34.17 ###!!! [Child][OnMaybeDequeueOne] Error: Channel closing: too late to send/recv, messages will be lost
Feb 01, 2017 16:39:34.17 
Feb 01, 2017 16:39:34.17 
Feb 01, 2017 16:39:34.17 ###!!! [Child][OnMaybeDequeueOne] Error: Channel closing: too late to send/recv, messages will be lost
Feb 01, 2017 16:39:34.17 
Feb 01, 2017 16:39:34.17 
Feb 01, 2017 16:39:34.17 ###!!! [Child][MessageChannel] Error: (msgtype=0x4A00C4,name=PContent::Msg_ScriptError) Channel closing: too late to send/recv, messages will be lost
Feb 01, 2017 16:39:34.17 
Feb 01, 2017 16:39:34.17 
Feb 01, 2017 16:39:34.17 ###!!! [Child][OnMaybeDequeueOne] Error: Channel closing: too late to send/recv, messages will be lost
Feb 01, 2017 16:39:34.17 
Feb 01, 2017 16:39:34.17 
Feb 01, 2017 16:39:34.17 ###!!! [Child][OnMaybeDequeueOne] Error: Channel closing: too late to send/recv, messages will be lost
Feb 01, 2017 16:39:34.17 
Feb 01, 2017 16:39:34.17 
Feb 01, 2017 16:39:34.17 ###!!! [Child][MessageChannel] Error: (msgtype=0x4A00C4,name=PContent::Msg_ScriptError) Channel closing: too late to send/recv, messages will be lost
Feb 01, 2017 16:39:34.17 
Feb 01, 2017 16:39:34.17 
Feb 01, 2017 16:39:34.18 ###!!! [Child][OnMaybeDequeueOne] Error: Channel closing: too late to send/recv, messages will be lost
Feb 01, 2017 16:39:34.18 
Feb 01, 2017 16:39:34.18 
Feb 01, 2017 16:39:34.18 ###!!! [Child][OnMaybeDequeueOne] Error: Channel closing: too late to send/recv, messages will be lost
Feb 01, 2017 16:39:34.18 
Feb 01, 2017 16:39:34.18 
Feb 01, 2017 16:39:34.18 ###!!! [Child][MessageChannel] Error: (msgtype=0x4A00C4,name=PContent::Msg_ScriptError) Channel closing: too late to send/recv, messages will be lost
Feb 01, 2017 16:39:34.18 
Feb 01, 2017 16:39:34.18 
Feb 01, 2017 16:39:34.18 ###!!! [Child][OnMaybeDequeueOne] Error: Channel closing: too late to send/recv, messages will be lost
Feb 01, 2017 16:39:34.18 
Feb 01, 2017 16:39:34.18 
Feb 01, 2017 16:39:34.18 ###!!! [Child][OnMaybeDequeueOne] Error: Channel closing: too late to send/recv, messages will be lost
Feb 01, 2017 16:39:34.18 
Feb 01, 2017 16:39:34.18 
Feb 01, 2017 16:39:34.18 ###!!! [Child][MessageChannel] Error: (msgtype=0x4A00C4,name=PContent::Msg_ScriptError) Channel closing: too late to send/recv, messages will be lost
Feb 01, 2017 16:39:34.18 
Feb 01, 2017 16:39:34.18 
Feb 01, 2017 16:39:34.18 ###!!! [Child][OnMaybeDequeueOne] Error: Channel closing: too late to send/recv, messages will be lost
Feb 01, 2017 16:39:34.18 
Feb 01, 2017 16:39:34.18 
Feb 01, 2017 16:39:34.18 ###!!! [Child][OnMaybeDequeueOne] Error: Channel closing: too late to send/recv, messages will be lost
Feb 01, 2017 16:39:34.18 
Feb 01, 2017 16:39:34.18 
Feb 01, 2017 16:39:34.18 ###!!! [Child][MessageChannel] Error: (msgtype=0x4A00C4,name=PContent::Msg_ScriptError) Channel closing: too late to send/recv, messages will be lost
Feb 01, 2017 16:39:34.18 
Feb 01, 2017 16:39:34.18 
Feb 01, 2017 16:39:34.18 ###!!! [Child][OnMaybeDequeueOne] Error: Channel closing: too late to send/recv, messages will be lost
Feb 01, 2017 16:39:34.18 
Feb 01, 2017 16:39:34.18 
Feb 01, 2017 16:39:34.18 ###!!! [Child][OnMaybeDequeueOne] Error: Channel closing: too late to send/recv, messages will be lost
Feb 01, 2017 16:39:34.18 
Feb 01, 2017 16:39:34.18 
Feb 01, 2017 16:39:34.18 ###!!! [Child][MessageChannel] Error: (msgtype=0x4A00C4,name=PContent::Msg_ScriptError) Channel closing: too late to send/recv, messages will be lost
Feb 01, 2017 16:39:34.18 
Feb 01, 2017 16:39:34.18 
Feb 01, 2017 16:39:34.18 ###!!! [Child][OnMaybeDequeueOne] Error: Channel closing: too late to send/recv, messages will be lost
Feb 01, 2017 16:39:34.18 
Feb 01, 2017 16:39:34.18 
Feb 01, 2017 16:39:34.18 ###!!! [Child][OnMaybeDequeueOne] Error: Channel closing: too late to send/recv, messages will be lost
Feb 01, 2017 16:39:34.18 
Feb 01, 2017 16:39:34.18 
Feb 01, 2017 16:39:34.18 ###!!! [Child][MessageChannel] Error: (msgtype=0x4A00C4,name=PContent::Msg_ScriptError) Channel closing: too late to send/recv, messages will be lost
Feb 01, 2017 16:39:34.18 
Feb 01, 2017 16:39:34.18 
Feb 01, 2017 16:39:34.18 ###!!! [Child][OnMaybeDequeueOne] Error: Channel closing: too late to send/recv, messages will be lost
Feb 01, 2017 16:39:34.18 
Feb 01, 2017 16:39:34.18 
Feb 01, 2017 16:39:34.18 ###!!! [Child][OnMaybeDequeueOne] Error: Channel closing: too late to send/recv, messages will be lost
Feb 01, 2017 16:39:34.18 
Feb 01, 2017 16:39:34.18 
Feb 01, 2017 16:39:34.18 ###!!! [Child][MessageChannel] Error: (msgtype=0x4A00C4,name=PContent::Msg_ScriptError) Channel closing: too late to send/recv, messages will be lost
Feb 01, 2017 16:39:34.18 
Feb 01, 2017 16:39:34.18 
Feb 01, 2017 16:39:34.18 ###!!! [Child][OnMaybeDequeueOne] Error: Channel closing: too late to send/recv, messages will be lost
Feb 01, 2017 16:39:34.18 
Feb 01, 2017 16:39:34.18 
Feb 01, 2017 16:39:34.18 ###!!! [Child][OnMaybeDequeueOne] Error: Channel closing: too late to send/recv, messages will be lost
Feb 01, 2017 16:39:34.18 
Feb 01, 2017 16:39:34.18 
Feb 01, 2017 16:39:34.18 ###!!! [Child][MessageChannel] Error: (msgtype=0x4A00C4,name=PContent::Msg_ScriptError) Channel closing: too late to send/recv, messages will be lost
Feb 01, 2017 16:39:34.18 
Feb 01, 2017 16:39:34.18 
Feb 01, 2017 16:39:34.18 ###!!! [Child][OnMaybeDequeueOne] Error: Channel closing: too late to send/recv, messages will be lost
Feb 01, 2017 16:39:34.18 
Feb 01, 2017 16:39:34.18 
Feb 01, 2017 16:39:34.18 ###!!! [Child][OnMaybeDequeueOne] Error: Channel closing: too late to send/recv, messages will be lost
Feb 01, 2017 16:39:34.18 
Feb 01, 2017 16:39:34.18 
Feb 01, 2017 16:39:34.18 ###!!! [Child][MessageChannel] Error: (msgtype=0x4A00C4,name=PContent::Msg_ScriptError) Channel closing: too late to send/recv, messages will be lost
Feb 01, 2017 16:39:34.18 
Feb 01, 2017 16:39:34.19 
Feb 01, 2017 16:39:34.19 ###!!! [Child][OnMaybeDequeueOne] Error: Channel closing: too late to send/recv, messages will be lost
Feb 01, 2017 16:39:34.19 
Feb 01, 2017 16:39:34.19 
Feb 01, 2017 16:39:34.19 ###!!! [Child][OnMaybeDequeueOne] Error: Channel closing: too late to send/recv, messages will be lost
Feb 01, 2017 16:39:34.19 
Feb 01, 2017 16:39:34.19 
Feb 01, 2017 16:39:34.19 ###!!! [Child][MessageChannel] Error: (msgtype=0x4A00C4,name=PContent::Msg_ScriptError) Channel closing: too late to send/recv, messages will be lost
Feb 01, 2017 16:39:34.19 
Feb 01, 2017 16:39:34.19 
Feb 01, 2017 16:39:34.19 ###!!! [Child][OnMaybeDequeueOne] Error: Channel closing: too late to send/recv, messages will be lost
Feb 01, 2017 16:39:34.19 
Feb 01, 2017 16:39:34.19 
Feb 01, 2017 16:39:34.19 ###!!! [Child][OnMaybeDequeueOne] Error: Channel closing: too late to send/recv, messages will be lost
Feb 01, 2017 16:39:34.19 
Feb 01, 2017 16:39:34.19 
Feb 01, 2017 16:39:34.19 ###!!! [Child][MessageChannel] Error: (msgtype=0x4A00C4,name=PContent::Msg_ScriptError) Channel closing: too late to send/recv, messages will be lost
Feb 01, 2017 16:39:34.19 
Feb 01, 2017 16:39:34.19 
Feb 01, 2017 16:39:34.19 ###!!! [Child][OnMaybeDequeueOne] Error: Channel closing: too late to send/recv, messages will be lost
Feb 01, 2017 16:39:34.19 
Feb 01, 2017 16:39:34.19 
Feb 01, 2017 16:39:34.19 ###!!! [Child][OnMaybeDequeueOne] Error: Channel closing: too late to send/recv, messages will be lost
Feb 01, 2017 16:39:34.19 
Feb 01, 2017 16:39:34.19 
Feb 01, 2017 16:39:34.19 ###!!! [Child][MessageChannel] Error: (msgtype=0x4A00C4,name=PContent::Msg_ScriptError) Channel closing: too late to send/recv, messages will be lost
Feb 01, 2017 16:39:34.19 
Feb 01, 2017 16:39:34.19 
Feb 01, 2017 16:39:34.19 ###!!! [Child][OnMaybeDequeueOne] Error: Channel closing: too late to send/recv, messages will be lost
Feb 01, 2017 16:39:34.19 
Feb 01, 2017 16:39:34.19 
Feb 01, 2017 16:39:34.19 ###!!! [Child][OnMaybeDequeueOne] Error: Channel closing: too late to send/recv, messages will be lost
Feb 01, 2017 16:39:34.19 
Feb 01, 2017 16:39:34.19 
Feb 01, 2017 16:39:34.19 ###!!! [Child][MessageChannel] Error: (msgtype=0x4A00C4,name=PContent::Msg_ScriptError) Channel closing: too late to send/recv, messages will be lost
Feb 01, 2017 16:39:34.19 
Feb 01, 2017 16:39:34.19 
Feb 01, 2017 16:39:34.19 ###!!! [Child][OnMaybeDequeueOne] Error: Channel closing: too late to send/recv, messages will be lost
Feb 01, 2017 16:39:34.19 
Feb 01, 2017 16:39:34.19 
Feb 01, 2017 16:39:34.19 ###!!! [Child][OnMaybeDequeueOne] Error: Channel closing: too late to send/recv, messages will be lost
Feb 01, 2017 16:39:34.19 
Feb 01, 2017 16:39:34.19 
Feb 01, 2017 16:39:34.19 ###!!! [Child][MessageChannel] Error: (msgtype=0x4A00C4,name=PContent::Msg_ScriptError) Channel closing: too late to send/recv, messages will be lost
Feb 01, 2017 16:39:34.19 
Feb 01, 2017 16:39:34.19 
Feb 01, 2017 16:39:34.19 ###!!! [Child][OnMaybeDequeueOne] Error: Channel closing: too late to send/recv, messages will be lost
Feb 01, 2017 16:39:34.19 
Feb 01, 2017 16:39:34.19 
Feb 01, 2017 16:39:34.19 ###!!! [Child][OnMaybeDequeueOne] Error: Channel closing: too late to send/recv, messages will be lost
Feb 01, 2017 16:39:34.19 
Feb 01, 2017 16:39:34.19 
Feb 01, 2017 16:39:34.19 ###!!! [Child][MessageChannel] Error: (msgtype=0x4A00C4,name=PContent::Msg_ScriptError) Channel closing: too late to send/recv, messages will be lost
Feb 01, 2017 16:39:34.19 
Feb 01, 2017 16:39:34.19 
Feb 01, 2017 16:39:34.19 ###!!! [Child][OnMaybeDequeueOne] Error: Channel closing: too late to send/recv, messages will be lost
Feb 01, 2017 16:39:34.19 
Feb 01, 2017 16:39:34.19 
Feb 01, 2017 16:39:34.19 ###!!! [Child][OnMaybeDequeueOne] Error: Channel closing: too late to send/recv, messages will be lost
Feb 01, 2017 16:39:34.19 
Feb 01, 2017 16:39:34.19 
Feb 01, 2017 16:39:34.19 ###!!! [Child][MessageChannel] Error: (msgtype=0x4A00C4,name=PContent::Msg_ScriptError) Channel closing: too late to send/recv, messages will be lost
Feb 01, 2017 16:39:34.19 
Feb 01, 2017 16:39:34.19 
Feb 01, 2017 16:39:34.19 ###!!! [Child][OnMaybeDequeueOne] Error: Channel closing: too late to send/recv, messages will be lost
Feb 01, 2017 16:39:34.19 
Feb 01, 2017 16:39:34.19 
Feb 01, 2017 16:39:34.19 ###!!! [Child][OnMaybeDequeueOne] Error: Channel closing: too late to send/recv, messages will be lost
Feb 01, 2017 16:39:34.19 
Feb 01, 2017 16:39:34.19 
Feb 01, 2017 16:39:34.19 ###!!! [Child][MessageChannel] Error: (msgtype=0x4A00C4,name=PContent::Msg_ScriptError) Channel closing: too late to send/recv, messages will be lost
Feb 01, 2017 16:39:34.19 
Feb 01, 2017 16:39:34.19 
Feb 01, 2017 16:39:34.19 ###!!! [Child][OnMaybeDequeueOne] Error: Channel closing: too late to send/recv, messages will be lost
Feb 01, 2017 16:39:34.19 
Feb 01, 2017 16:39:34.19 
Feb 01, 2017 16:39:34.19 ###!!! [Child][OnMaybeDequeueOne] Error: Channel closing: too late to send/recv, messages will be lost
Feb 01, 2017 16:39:34.19 
Feb 01, 2017 16:39:34.19 
Feb 01, 2017 16:39:34.19 ###!!! [Child][MessageChannel] Error: (msgtype=0x4A00C4,name=PContent::Msg_ScriptError) Channel closing: too late to send/recv, messages will be lost
Feb 01, 2017 16:39:34.19 
Feb 01, 2017 16:39:34.19 
Feb 01, 2017 16:39:34.19 ###!!! [Child][OnMaybeDequeueOne] Error: Channel closing: too late to send/recv, messages will be lost
Feb 01, 2017 16:39:34.19 
Feb 01, 2017 16:39:34.19 
Feb 01, 2017 16:39:34.19 ###!!! [Child][OnMaybeDequeueOne] Error: Channel closing: too late to send/recv, messages will be lost
Feb 01, 2017 16:39:34.19 
Feb 01, 2017 16:39:34.19 
Feb 01, 2017 16:39:34.19 ###!!! [Child][MessageChannel] Error: (msgtype=0x4A00C4,name=PContent::Msg_ScriptError) Channel closing: too late to send/recv, messages will be lost
Feb 01, 2017 16:39:34.19 
Feb 01, 2017 16:39:34.20 
Feb 01, 2017 16:39:34.20 ###!!! [Child][OnMaybeDequeueOne] Error: Channel closing: too late to send/recv, messages will be lost
Feb 01, 2017 16:39:34.20 
Feb 01, 2017 16:39:34.20 
Feb 01, 2017 16:39:34.20 ###!!! [Child][OnMaybeDequeueOne] Error: Channel closing: too late to send/recv, messages will be lost
Feb 01, 2017 16:39:34.20 
Feb 01, 2017 16:39:34.20 
Feb 01, 2017 16:39:34.20 ###!!! [Child][MessageChannel] Error: (msgtype=0x4A00C4,name=PContent::Msg_ScriptError) Channel closing: too late to send/recv, messages will be lost
Feb 01, 2017 16:39:34.20 
Feb 01, 2017 16:39:34.20 
Feb 01, 2017 16:39:34.20 ###!!! [Child][OnMaybeDequeueOne] Error: Channel closing: too late to send/recv, messages will be lost
Feb 01, 2017 16:39:34.20 
Feb 01, 2017 16:39:34.20 
Feb 01, 2017 16:39:34.20 ###!!! [Child][OnMaybeDequeueOne] Error: Channel closing: too late to send/recv, messages will be lost
Feb 01, 2017 16:39:34.20 
Feb 01, 2017 16:39:34.20 
Feb 01, 2017 16:39:34.20 ###!!! [Child][MessageChannel] Error: (msgtype=0x4A00C4,name=PContent::Msg_ScriptError) Channel closing: too late to send/recv, messages will be lost
Feb 01, 2017 16:39:34.20 
Feb 01, 2017 16:39:34.20 
Feb 01, 2017 16:39:34.20 ###!!! [Child][OnMaybeDequeueOne] Error: Channel closing: too late to send/recv, messages will be lost
Feb 01, 2017 16:39:34.20 
Feb 01, 2017 16:39:34.20 
Feb 01, 2017 16:39:34.20 ###!!! [Child][OnMaybeDequeueOne] Error: Channel closing: too late to send/recv, messages will be lost
Feb 01, 2017 16:39:34.20 
Feb 01, 2017 16:39:34.20 
Feb 01, 2017 16:39:34.20 ###!!! [Child][MessageChannel] Error: (msgtype=0x4A00C4,name=PContent::Msg_ScriptError) Channel closing: too late to send/recv, messages will be lost
Feb 01, 2017 16:39:34.20 
Feb 01, 2017 16:39:34.20 
Feb 01, 2017 16:39:34.20 ###!!! [Child][OnMaybeDequeueOne] Error: Channel closing: too late to send/recv, messages will be lost
Feb 01, 2017 16:39:34.20 
Feb 01, 2017 16:39:34.20 
Feb 01, 2017 16:39:34.20 ###!!! [Child][OnMaybeDequeueOne] Error: Channel closing: too late to send/recv, messages will be lost
Feb 01, 2017 16:39:34.20 
Feb 01, 2017 16:39:34.20 
Feb 01, 2017 16:39:34.20 ###!!! [Child][MessageChannel] Error: (msgtype=0x4A00C4,name=PContent::Msg_ScriptError) Channel closing: too late to send/recv, messages will be lost
Feb 01, 2017 16:39:34.20 
Feb 01, 2017 16:39:34.20 
Feb 01, 2017 16:39:34.20 ###!!! [Child][OnMaybeDequeueOne] Error: Channel closing: too late to send/recv, messages will be lost
Feb 01, 2017 16:39:34.20 
Feb 01, 2017 16:39:34.20 
Feb 01, 2017 16:39:34.20 ###!!! [Child][OnMaybeDequeueOne] Error: Channel closing: too late to send/recv, messages will be lost
Feb 01, 2017 16:39:34.20 
Feb 01, 2017 16:39:34.20 
Feb 01, 2017 16:39:34.20 ###!!! [Child][MessageChannel] Error: (msgtype=0x4A00C4,name=PContent::Msg_ScriptError) Channel closing: too late to send/recv, messages will be lost
Feb 01, 2017 16:39:34.20 
Feb 01, 2017 16:39:34.20 
Feb 01, 2017 16:39:34.20 ###!!! [Child][OnMaybeDequeueOne] Error: Channel closing: too late to send/recv, messages will be lost
Feb 01, 2017 16:39:34.20 
Feb 01, 2017 16:39:34.20 
Feb 01, 2017 16:39:34.20 ###!!! [Child][OnMaybeDequeueOne] Error: Channel closing: too late to send/recv, messages will be lost
Feb 01, 2017 16:39:34.20 
Feb 01, 2017 16:39:34.20 
Feb 01, 2017 16:39:34.20 ###!!! [Child][MessageChannel] Error: (msgtype=0x4A00C4,name=PContent::Msg_ScriptError) Channel closing: too late to send/recv, messages will be lost
Feb 01, 2017 16:39:34.20 
Feb 01, 2017 16:39:34.20 
Feb 01, 2017 16:39:34.20 ###!!! [Child][OnMaybeDequeueOne] Error: Channel closing: too late to send/recv, messages will be lost
Feb 01, 2017 16:39:34.20 
Feb 01, 2017 16:39:34.20 
Feb 01, 2017 16:39:34.20 ###!!! [Child][OnMaybeDequeueOne] Error: Channel closing: too late to send/recv, messages will be lost
Feb 01, 2017 16:39:34.20 
Feb 01, 2017 16:39:34.20 
Feb 01, 2017 16:39:34.20 ###!!! [Child][MessageChannel] Error: (msgtype=0x4A00C4,name=PContent::Msg_ScriptError) Channel closing: too late to send/recv, messages will be lost
Feb 01, 2017 16:39:34.20 
Feb 01, 2017 16:39:34.20 
Feb 01, 2017 16:39:34.20 ###!!! [Child][OnMaybeDequeueOne] Error: Channel closing: too late to send/recv, messages will be lost
Feb 01, 2017 16:39:34.20 
Feb 01, 2017 16:39:34.20 
Feb 01, 2017 16:39:34.20 ###!!! [Child][OnMaybeDequeueOne] Error: Channel closing: too late to send/recv, messages will be lost
Feb 01, 2017 16:39:34.20 
Feb 01, 2017 16:39:34.20 
Feb 01, 2017 16:39:34.20 ###!!! [Child][MessageChannel] Error: (msgtype=0x4A00C4,name=PContent::Msg_ScriptError) Channel closing: too late to send/recv, messages will be lost
Feb 01, 2017 16:39:34.20 
Feb 01, 2017 16:39:34.20 
Feb 01, 2017 16:39:34.20 ###!!! [Child][OnMaybeDequeueOne] Error: Channel closing: too late to send/recv, messages will be lost
Feb 01, 2017 16:39:34.20 
Feb 01, 2017 16:39:34.20 
Feb 01, 2017 16:39:34.20 ###!!! [Child][OnMaybeDequeueOne] Error: Channel closing: too late to send/recv, messages will be lost
Feb 01, 2017 16:39:34.20 
Feb 01, 2017 16:39:34.20 
Feb 01, 2017 16:39:34.20 ###!!! [Child][MessageChannel] Error: (msgtype=0x4A00C4,name=PContent::Msg_ScriptError) Channel closing: too late to send/recv, messages will be lost
Feb 01, 2017 16:39:34.20 
Feb 01, 2017 16:39:34.20 
Feb 01, 2017 16:39:34.20 ###!!! [Child][OnMaybeDequeueOne] Error: Channel closing: too late to send/recv, messages will be lost
Feb 01, 2017 16:39:34.20 
Feb 01, 2017 16:39:34.20 
Feb 01, 2017 16:39:34.20 ###!!! [Child][OnMaybeDequeueOne] Error: Channel closing: too late to send/recv, messages will be lost
Feb 01, 2017 16:39:34.20 
Feb 01, 2017 16:39:34.20 
Feb 01, 2017 16:39:34.20 ###!!! [Child][MessageChannel] Error: (msgtype=0x4A00C4,name=PContent::Msg_ScriptError) Channel closing: too late to send/recv, messages will be lost
Feb 01, 2017 16:39:34.20 
Feb 01, 2017 16:39:34.20 
Feb 01, 2017 16:39:34.20 ###!!! [Child][OnMaybeDequeueOne] Error: Channel closing: too late to send/recv, messages will be lost
Feb 01, 2017 16:39:34.20 
Feb 01, 2017 16:39:34.20 
Feb 01, 2017 16:39:34.20 ###!!! [Child][OnMaybeDequeueOne] Error: Channel closing: too late to send/recv, messages will be lost
Feb 01, 2017 16:39:34.20 
Feb 01, 2017 16:39:34.20 
Feb 01, 2017 16:39:34.20 ###!!! [Child][MessageChannel] Error: (msgtype=0x4A00C4,name=PContent::Msg_ScriptError) Channel closing: too late to send/recv, messages will be lost
Feb 01, 2017 16:39:34.21 
Feb 01, 2017 16:39:34.21 
Feb 01, 2017 16:39:34.21 ###!!! [Child][OnMaybeDequeueOne] Error: Channel closing: too late to send/recv, messages will be lost
Feb 01, 2017 16:39:34.21 
Feb 01, 2017 16:39:34.21 
Feb 01, 2017 16:39:34.21 ###!!! [Child][OnMaybeDequeueOne] Error: Channel closing: too late to send/recv, messages will be lost
Feb 01, 2017 16:39:34.21 
Feb 01, 2017 16:39:34.21 
Feb 01, 2017 16:39:34.21 ###!!! [Child][MessageChannel] Error: (msgtype=0x4A00C4,name=PContent::Msg_ScriptError) Channel closing: too late to send/recv, messages will be lost
Feb 01, 2017 16:39:34.21 
Feb 01, 2017 16:39:34.21 
Feb 01, 2017 16:39:34.21 ###!!! [Child][OnMaybeDequeueOne] Error: Channel closing: too late to send/recv, messages will be lost
Feb 01, 2017 16:39:34.21 
Feb 01, 2017 16:39:34.21 
Feb 01, 2017 16:39:34.21 ###!!! [Child][OnMaybeDequeueOne] Error: Channel closing: too late to send/recv, messages will be lost
Feb 01, 2017 16:39:34.21 
Feb 01, 2017 16:39:34.21 
Feb 01, 2017 16:39:34.21 ###!!! [Child][MessageChannel] Error: (msgtype=0x4A00C4,name=PContent::Msg_ScriptError) Channel closing: too late to send/recv, messages will be lost
Feb 01, 2017 16:39:34.21 
Feb 01, 2017 16:39:34.21 
Feb 01, 2017 16:39:34.21 ###!!! [Child][OnMaybeDequeueOne] Error: Channel closing: too late to send/recv, messages will be lost
Feb 01, 2017 16:39:34.21 
Feb 01, 2017 16:39:34.21 
Feb 01, 2017 16:39:34.21 ###!!! [Child][OnMaybeDequeueOne] Error: Channel closing: too late to send/recv, messages will be lost
Feb 01, 2017 16:39:34.21 
Feb 01, 2017 16:39:34.21 
Feb 01, 2017 16:39:34.21 ###!!! [Child][MessageChannel] Error: (msgtype=0x4A00C4,name=PContent::Msg_ScriptError) Channel closing: too late to send/recv, messages will be lost
Feb 01, 2017 16:39:34.21 
Feb 01, 2017 16:39:34.21 
Feb 01, 2017 16:39:34.21 ###!!! [Child][OnMaybeDequeueOne] Error: Channel closing: too late to send/recv, messages will be lost
Feb 01, 2017 16:39:34.21 
Feb 01, 2017 16:39:34.21 
Feb 01, 2017 16:39:34.21 ###!!! [Child][OnMaybeDequeueOne] Error: Channel closing: too late to send/recv, messages will be lost
Feb 01, 2017 16:39:34.21 
Feb 01, 2017 16:39:34.21 
Feb 01, 2017 16:39:34.21 ###!!! [Child][MessageChannel] Error: (msgtype=0x4A00C4,name=PContent::Msg_ScriptError) Channel closing: too late to send/recv, messages will be lost
Feb 01, 2017 16:39:34.21 
Feb 01, 2017 16:39:34.21 
Feb 01, 2017 16:39:34.21 1485947374143	addons.xpi-utils	WARN	Error: XPI database modified after shutdown began (resource://gre/modules/addons/XPIProvider.jsm -> resource://gre/modules/addons/XPIProviderUtils.js:464:17) JS Stack trace: this.XPIDatabase.saveChanges@XPIProviderUtils.js:464:17 < this.XPIDatabase.updateActiveAddons@XPIProviderUtils.js:1447:9 < this.XPIProvider.shutdown@XPIProvider.jsm:2962:7 < _startProvider/AMProviderShutdown/<@AddonManager.jsm:803:21 < Promise@Promise-backend.js:388:5 < _startProvider/AMProviderShutdown@AddonManager.jsm:801:16 < Barrier/this.client.addBlocker/promise</trigger@AsyncShutdown.jsm:720:23 < Barrier.prototype<._wait@AsyncShutdown.jsm:867:7 < Barrier.prototype<.wait@AsyncShutdown.jsm:851:28 < AddonManagerInternal.shutdownManager<@AddonManager.jsm:1200:15
Feb 01, 2017 16:39:34.21 ###!!! [Child][OnMaybeDequeueOne] Error: Channel closing: too late to send/recv, messages will be lost
Feb 01, 2017 16:39:34.21 
Feb 01, 2017 16:39:34.21 
Feb 01, 2017 16:39:34.21 ###!!! [Child][OnMaybeDequeueOne] Error: Channel closing: too late to send/recv, messages will be lost
Feb 01, 2017 16:39:34.21 
Feb 01, 2017 16:39:34.21 
Feb 01, 2017 16:39:34.21 ###!!! [Child][MessageChannel] Error: (msgtype=0x4A00C4,name=PContent::Msg_ScriptError) Channel closing: too late to send/recv, messages will be lost
Feb 01, 2017 16:39:34.21 
Feb 01, 2017 16:39:34.21 
Feb 01, 2017 16:39:34.21 ###!!! [Child][OnMaybeDequeueOne] Error: Channel closing: too late to send/recv, messages will be lost
Feb 01, 2017 16:39:34.21 
Feb 01, 2017 16:39:34.21 
Feb 01, 2017 16:39:34.21 ###!!! [Child][OnMaybeDequeueOne] Error: Channel closing: too late to send/recv, messages will be lost
Feb 01, 2017 16:39:34.21 
Feb 01, 2017 16:39:34.21 
Feb 01, 2017 16:39:34.21 ###!!! [Child][MessageChannel] Error: (msgtype=0x4A00C4,name=PContent::Msg_ScriptError) Channel closing: too late to send/recv, messages will be lost
Feb 01, 2017 16:39:34.21 
Feb 01, 2017 16:39:34.21 
Feb 01, 2017 16:39:34.21 ###!!! [Child][OnMaybeDequeueOne] Error: Channel closing: too late to send/recv, messages will be lost
Feb 01, 2017 16:39:34.21 
Feb 01, 2017 16:39:34.21 
Feb 01, 2017 16:39:34.21 ###!!! [Child][OnMaybeDequeueOne] Error: Channel closing: too late to send/recv, messages will be lost
Feb 01, 2017 16:39:34.21 
Feb 01, 2017 16:39:34.21 
Feb 01, 2017 16:39:34.21 ###!!! [Child][OnMaybeDequeueOne] Error: Channel closing: too late to send/recv, messages will be lost
Feb 01, 2017 16:39:34.21 
Feb 01, 2017 16:39:34.21 
Feb 01, 2017 16:39:34.21 ###!!! [Child][MessageChannel] Error: (msgtype=0x8E0007,name=PHttpChannel::Msg_Cancel) Channel closing: too late to send/recv, messages will be lost
Feb 01, 2017 16:39:34.21 
Feb 01, 2017 16:39:34.21 
Feb 01, 2017 16:39:34.21 ###!!! [Child][MessageChannel] Error: (msgtype=0x8E0007,name=PHttpChannel::Msg_Cancel) Channel closing: too late to send/recv, messages will be lost
Feb 01, 2017 16:39:34.22 
Feb 01, 2017 16:39:34.22 
Feb 01, 2017 16:39:34.22 ###!!! [Child][MessageChannel] Error: (msgtype=0x4A011D,name=PContent::Msg_AsyncMessage) Channel closing: too late to send/recv, messages will be lost
Feb 01, 2017 16:39:34.22 
Feb 01, 2017 16:39:34.22 
Feb 01, 2017 16:39:34.22 ###!!! [Child][MessageChannel] Error: (msgtype=0x4A011D,name=PContent::Msg_AsyncMessage) Channel closing: too late to send/recv, messages will be lost
Feb 01, 2017 16:39:34.22 
Feb 01, 2017 16:39:34.22 
Feb 01, 2017 16:39:34.22 ###!!! [Child][MessageChannel] Error: (msgtype=0x4A011D,name=PContent::Msg_AsyncMessage) Channel closing: too late to send/recv, messages will be lost
Feb 01, 2017 16:39:34.22 
Feb 01, 2017 16:39:34.22 
Feb 01, 2017 16:39:34.22 ###!!! [Child][MessageChannel] Error: (msgtype=0x4A011D,name=PContent::Msg_AsyncMessage) Channel closing: too late to send/recv, messages will be lost
Feb 01, 2017 16:39:34.22 
Feb 01, 2017 16:39:34.23 
Feb 01, 2017 16:39:34.23 ###!!! [Child][MessageChannel] Error: (msgtype=0x4A011D,name=PContent::Msg_AsyncMessage) Channel closing: too late to send/recv, messages will be lost
Feb 01, 2017 16:39:34.23 
Feb 01, 2017 16:39:34.23 
Feb 01, 2017 16:39:34.23 ###!!! [Child][MessageChannel] Error: (msgtype=0x4A011D,name=PContent::Msg_AsyncMessage) Channel closing: too late to send/recv, messages will be lost
Feb 01, 2017 16:39:34.23 
Feb 01, 2017 16:39:34.23 
Feb 01, 2017 16:39:34.23 ###!!! [Child][MessageChannel] Error: (msgtype=0x4A011D,name=PContent::Msg_AsyncMessage) Channel closing: too late to send/recv, messages will be lost
Feb 01, 2017 16:39:34.23 
Feb 01, 2017 16:39:34.23 
Feb 01, 2017 16:39:34.23 ###!!! [Child][MessageChannel] Error: (msgtype=0x4A011D,name=PContent::Msg_AsyncMessage) Channel closing: too late to send/recv, messages will be lost
Feb 01, 2017 16:39:34.23 
Feb 01, 2017 16:39:34.24 
Feb 01, 2017 16:39:34.24 ###!!! [Child][MessageChannel] Error: (msgtype=0x4A011D,name=PContent::Msg_AsyncMessage) Channel closing: too late to send/recv, messages will be lost
Feb 01, 2017 16:39:34.24 
Feb 01, 2017 16:39:34.24 
Feb 01, 2017 16:39:34.24 ###!!! [Child][MessageChannel] Error: (msgtype=0x4A011D,name=PContent::Msg_AsyncMessage) Channel closing: too late to send/recv, messages will be lost
Feb 01, 2017 16:39:34.24 
Feb 01, 2017 16:39:34.24 
Feb 01, 2017 16:39:34.24 ###!!! [Child][MessageChannel] Error: (msgtype=0x4A011D,name=PContent::Msg_AsyncMessage) Channel closing: too late to send/recv, messages will be lost
Feb 01, 2017 16:39:34.24 
Feb 01, 2017 16:39:34.24 
Feb 01, 2017 16:39:34.24 ###!!! [Child][MessageChannel] Error: (msgtype=0x4A011D,name=PContent::Msg_AsyncMessage) Channel closing: too late to send/recv, messages will be lost
Feb 01, 2017 16:39:34.24 
Feb 01, 2017 16:39:34.24 
Feb 01, 2017 16:39:34.24 ###!!! [Child][MessageChannel] Error: (msgtype=0x4A011D,name=PContent::Msg_AsyncMessage) Channel closing: too late to send/recv, messages will be lost
Feb 01, 2017 16:39:34.24 
Feb 01, 2017 16:39:34.24 
Feb 01, 2017 16:39:34.25 ###!!! [Child][MessageChannel] Error: (msgtype=0x4A011D,name=PContent::Msg_AsyncMessage) Channel closing: too late to send/recv, messages will be lost
Feb 01, 2017 16:39:34.25 
Feb 01, 2017 16:39:34.25 
Feb 01, 2017 16:39:34.25 ###!!! [Child][MessageChannel] Error: (msgtype=0x4A011D,name=PContent::Msg_AsyncMessage) Channel closing: too late to send/recv, messages will be lost
Feb 01, 2017 16:39:34.25 
Feb 01, 2017 16:39:34.25 
Feb 01, 2017 16:39:34.25 ###!!! [Child][MessageChannel] Error: (msgtype=0x4A011D,name=PContent::Msg_AsyncMessage) Channel closing: too late to send/recv, messages will be lost
Feb 01, 2017 16:39:34.25 
Feb 01, 2017 16:39:34.25 
Feb 01, 2017 16:39:34.25 ###!!! [Child][MessageChannel] Error: (msgtype=0x4A011D,name=PContent::Msg_AsyncMessage) Channel closing: too late to send/recv, messages will be lost
Feb 01, 2017 16:39:34.25 
Feb 01, 2017 16:39:34.25 
Feb 01, 2017 16:39:34.25 ###!!! [Child][MessageChannel] Error: (msgtype=0x4A011D,name=PContent::Msg_AsyncMessage) Channel closing: too late to send/recv, messages will be lost
Feb 01, 2017 16:39:34.25 
Feb 01, 2017 16:39:34.25 
Feb 01, 2017 16:39:34.25 ###!!! [Child][MessageChannel] Error: (msgtype=0x4A011D,name=PContent::Msg_AsyncMessage) Channel closing: too late to send/recv, messages will be lost
Feb 01, 2017 16:39:34.25 
Feb 01, 2017 16:39:34.25 
Feb 01, 2017 16:39:34.25 ###!!! [Child][MessageChannel] Error: (msgtype=0x4A011D,name=PContent::Msg_AsyncMessage) Channel closing: too late to send/recv, messages will be lost
Feb 01, 2017 16:39:34.25 
Feb 01, 2017 16:39:34.25 
Feb 01, 2017 16:39:34.25 ###!!! [Child][MessageChannel] Error: (msgtype=0x4A011D,name=PContent::Msg_AsyncMessage) Channel closing: too late to send/recv, messages will be lost
Feb 01, 2017 16:39:34.25 
Feb 01, 2017 16:39:34.25 
Feb 01, 2017 16:39:34.25 ###!!! [Child][MessageChannel] Error: (msgtype=0x4A011D,name=PContent::Msg_AsyncMessage) Channel closing: too late to send/recv, messages will be lost
Feb 01, 2017 16:39:34.25 
Feb 01, 2017 16:39:34.25 
Feb 01, 2017 16:39:34.25 ###!!! [Child][MessageChannel] Error: (msgtype=0x4A011D,name=PContent::Msg_AsyncMessage) Channel closing: too late to send/recv, messages will be lost
Feb 01, 2017 16:39:34.25 
Feb 01, 2017 16:39:34.26 
Feb 01, 2017 16:39:34.26 ###!!! [Child][MessageChannel] Error: (msgtype=0x4A011D,name=PContent::Msg_AsyncMessage) Channel closing: too late to send/recv, messages will be lost
Feb 01, 2017 16:39:34.26 
Feb 01, 2017 16:39:34.26 
Feb 01, 2017 16:39:34.26 ###!!! [Child][MessageChannel] Error: (msgtype=0x4A011D,name=PContent::Msg_AsyncMessage) Channel closing: too late to send/recv, messages will be lost
Feb 01, 2017 16:39:34.26 
Feb 01, 2017 16:39:34.26 
Feb 01, 2017 16:39:34.26 ###!!! [Child][MessageChannel] Error: (msgtype=0x4A011D,name=PContent::Msg_AsyncMessage) Channel closing: too late to send/recv, messages will be lost
Feb 01, 2017 16:39:34.26 
Feb 01, 2017 16:39:34.26 
Feb 01, 2017 16:39:34.26 ###!!! [Child][MessageChannel] Error: (msgtype=0x4A011D,name=PContent::Msg_AsyncMessage) Channel closing: too late to send/recv, messages will be lost
Feb 01, 2017 16:39:34.26 
Feb 01, 2017 16:39:34.26 
Feb 01, 2017 16:39:34.26 ###!!! [Child][MessageChannel] Error: (msgtype=0x4A011D,name=PContent::Msg_AsyncMessage) Channel closing: too late to send/recv, messages will be lost
Feb 01, 2017 16:39:34.26 
Feb 01, 2017 16:39:34.26 
Feb 01, 2017 16:39:34.26 ###!!! [Child][MessageChannel] Error: (msgtype=0x4A011D,name=PContent::Msg_AsyncMessage) Channel closing: too late to send/recv, messages will be lost
Feb 01, 2017 16:39:34.26 
Feb 01, 2017 16:39:34.26 
Feb 01, 2017 16:39:34.26 ###!!! [Child][MessageChannel] Error: (msgtype=0x4A011D,name=PContent::Msg_AsyncMessage) Channel closing: too late to send/recv, messages will be lost
Feb 01, 2017 16:39:34.26 
Feb 01, 2017 16:39:34.26 
Feb 01, 2017 16:39:34.26 ###!!! [Child][MessageChannel] Error: (msgtype=0x4A011D,name=PContent::Msg_AsyncMessage) Channel closing: too late to send/recv, messages will be lost
Feb 01, 2017 16:39:34.26 
Feb 01, 2017 16:39:34.26 
Feb 01, 2017 16:39:34.26 ###!!! [Child][MessageChannel] Error: (msgtype=0x2E0045,name=PBrowser::Msg___delete__) Channel closing: too late to send/recv, messages will be lost
Feb 01, 2017 16:39:34.26 
Feb 01, 2017 16:39:34.26 
Feb 01, 2017 16:39:34.26 ###!!! [Child][OnMaybeDequeueOne] Error: Channel closing: too late to send/recv, messages will be lost
Feb 01, 2017 16:39:34.26 
Feb 01, 2017 16:39:34.26 
Feb 01, 2017 16:39:34.26 ###!!! [Child][OnMaybeDequeueOne] Error: Channel closing: too late to send/recv, messages will be lost
Feb 01, 2017 16:39:34.26 
Feb 01, 2017 16:39:34.26 
Feb 01, 2017 16:39:34.26 ###!!! [Child][MessageChannel] Error: (msgtype=0x4A00C4,name=PContent::Msg_ScriptError) Channel closing: too late to send/recv, messages will be lost
Feb 01, 2017 16:39:34.26 
Feb 01, 2017 16:39:34.26 
Feb 01, 2017 16:39:34.26 ###!!! [Child][OnMaybeDequeueOne] Error: Channel closing: too late to send/recv, messages will be lost
Feb 01, 2017 16:39:34.27 
Feb 01, 2017 16:39:34.27 
Feb 01, 2017 16:39:34.27 ###!!! [Child][OnMaybeDequeueOne] Error: Channel closing: too late to send/recv, messages will be lost
Feb 01, 2017 16:39:34.27 
Feb 01, 2017 16:39:34.27 
Feb 01, 2017 16:39:34.27 ###!!! [Child][MessageChannel] Error: (msgtype=0x4A00C4,name=PContent::Msg_ScriptError) Channel closing: too late to send/recv, messages will be lost
Feb 01, 2017 16:39:34.27 
Feb 01, 2017 16:39:34.27 
Feb 01, 2017 16:39:34.27 ###!!! [Child][OnMaybeDequeueOne] Error: Channel closing: too late to send/recv, messages will be lost
Feb 01, 2017 16:39:34.27 
Feb 01, 2017 16:39:34.27 
Feb 01, 2017 16:39:34.27 ###!!! [Child][OnMaybeDequeueOne] Error: Channel closing: too late to send/recv, messages will be lost
Feb 01, 2017 16:39:34.27 
Feb 01, 2017 16:39:34.27 
Feb 01, 2017 16:39:34.27 ###!!! [Child][MessageChannel] Error: (msgtype=0x4A00C4,name=PContent::Msg_ScriptError) Channel closing: too late to send/recv, messages will be lost
Feb 01, 2017 16:39:34.27 
Feb 01, 2017 16:39:34.27 
Feb 01, 2017 16:39:34.27 ###!!! [Child][OnMaybeDequeueOne] Error: Channel closing: too late to send/recv, messages will be lost
Feb 01, 2017 16:39:34.27 
Feb 01, 2017 16:39:34.27 
Feb 01, 2017 16:39:34.27 ###!!! [Child][OnMaybeDequeueOne] Error: Channel closing: too late to send/recv, messages will be lost
Feb 01, 2017 16:39:34.27 
Feb 01, 2017 16:39:34.27 
Feb 01, 2017 16:39:34.27 ###!!! [Child][MessageChannel] Error: (msgtype=0x4A00C4,name=PContent::Msg_ScriptError) Channel closing: too late to send/recv, messages will be lost
Feb 01, 2017 16:39:34.27 
Feb 01, 2017 16:39:34.27 
Feb 01, 2017 16:39:34.27 ###!!! [Child][OnMaybeDequeueOne] Error: Channel closing: too late to send/recv, messages will be lost
Feb 01, 2017 16:39:34.27 
Feb 01, 2017 16:39:34.27 
Feb 01, 2017 16:39:34.27 ###!!! [Child][OnMaybeDequeueOne] Error: Channel closing: too late to send/recv, messages will be lost
Feb 01, 2017 16:39:34.27 
Feb 01, 2017 16:39:34.27 
Feb 01, 2017 16:39:34.27 ###!!! [Child][MessageChannel] Error: (msgtype=0x4A00C4,name=PContent::Msg_ScriptError) Channel closing: too late to send/recv, messages will be lost
Feb 01, 2017 16:39:34.27 
Feb 01, 2017 16:39:34.27 
Feb 01, 2017 16:39:34.27 ###!!! [Child][OnMaybeDequeueOne] Error: Channel closing: too late to send/recv, messages will be lost
Feb 01, 2017 16:39:34.27 
Feb 01, 2017 16:39:34.27 
Feb 01, 2017 16:39:34.27 ###!!! [Child][OnMaybeDequeueOne] Error: Channel closing: too late to send/recv, messages will be lost
Feb 01, 2017 16:39:34.27 
Feb 01, 2017 16:39:34.27 
Feb 01, 2017 16:39:34.27 ###!!! [Child][MessageChannel] Error: (msgtype=0x4A00C4,name=PContent::Msg_ScriptError) Channel closing: too late to send/recv, messages will be lost
Feb 01, 2017 16:39:34.27 
Feb 01, 2017 16:39:34.27 
Feb 01, 2017 16:39:34.27 ###!!! [Child][OnMaybeDequeueOne] Error: Channel closing: too late to send/recv, messages will be lost
Feb 01, 2017 16:39:34.27 
Feb 01, 2017 16:39:34.27 
Feb 01, 2017 16:39:34.27 ###!!! [Child][OnMaybeDequeueOne] Error: Channel closing: too late to send/recv, messages will be lost
Feb 01, 2017 16:39:34.27 
Feb 01, 2017 16:39:34.27 
Feb 01, 2017 16:39:34.27 ###!!! [Child][MessageChannel] Error: (msgtype=0x4A00C4,name=PContent::Msg_ScriptError) Channel closing: too late to send/recv, messages will be lost
Feb 01, 2017 16:39:34.27 
Feb 01, 2017 16:39:34.27 
Feb 01, 2017 16:39:34.27 ###!!! [Child][OnMaybeDequeueOne] Error: Channel closing: too late to send/recv, messages will be lost
Feb 01, 2017 16:39:34.27 
Feb 01, 2017 16:39:34.27 
Feb 01, 2017 16:39:34.27 ###!!! [Child][OnMaybeDequeueOne] Error: Channel closing: too late to send/recv, messages will be lost
Feb 01, 2017 16:39:34.27 
Feb 01, 2017 16:39:34.27 
Feb 01, 2017 16:39:34.27 ###!!! [Child][MessageChannel] Error: (msgtype=0x4A00C4,name=PContent::Msg_ScriptError) Channel closing: too late to send/recv, messages will be lost
Feb 01, 2017 16:39:34.27 
Feb 01, 2017 16:39:34.27 
Feb 01, 2017 16:39:34.27 ###!!! [Child][MessageChannel] Error: (msgtype=0x4A011D,name=PContent::Msg_AsyncMessage) Channel closing: too late to send/recv, messages will be lost
Feb 01, 2017 16:39:34.27 
Feb 01, 2017 16:39:34.27 
Feb 01, 2017 16:39:34.27 ###!!! [Child][MessageChannel] Error: (msgtype=0x2E0045,name=PBrowser::Msg___delete__) Channel closing: too late to send/recv, messages will be lost
Feb 01, 2017 16:39:34.27 
Feb 01, 2017 16:39:34.27 
Feb 01, 2017 16:39:34.27 ###!!! [Child][OnMaybeDequeueOne] Error: Channel closing: too late to send/recv, messages will be lost
Feb 01, 2017 16:39:34.27 
Feb 01, 2017 16:39:34.27 
Feb 01, 2017 16:39:34.27 ###!!! [Child][OnMaybeDequeueOne] Error: Channel closing: too late to send/recv, messages will be lost
Feb 01, 2017 16:39:34.27 
Feb 01, 2017 16:39:34.27 
Feb 01, 2017 16:39:34.27 ###!!! [Child][MessageChannel] Error: (msgtype=0x4A00C4,name=PContent::Msg_ScriptError) Channel closing: too late to send/recv, messages will be lost
Feb 01, 2017 16:39:34.27 
Feb 01, 2017 16:39:34.27 
Feb 01, 2017 16:39:34.27 ###!!! [Child][OnMaybeDequeueOne] Error: Channel closing: too late to send/recv, messages will be lost
Feb 01, 2017 16:39:34.27 
Feb 01, 2017 16:39:34.27 
Feb 01, 2017 16:39:34.27 ###!!! [Child][OnMaybeDequeueOne] Error: Channel closing: too late to send/recv, messages will be lost
Feb 01, 2017 16:39:34.27 
Feb 01, 2017 16:39:34.27 
Feb 01, 2017 16:39:34.27 ###!!! [Child][MessageChannel] Error: (msgtype=0x4A00C4,name=PContent::Msg_ScriptError) Channel closing: too late to send/recv, messages will be lost
Feb 01, 2017 16:39:34.27 
Feb 01, 2017 16:39:34.27 
Feb 01, 2017 16:39:34.27 ###!!! [Child][OnMaybeDequeueOne] Error: Channel closing: too late to send/recv, messages will be lost
Feb 01, 2017 16:39:34.27 
Feb 01, 2017 16:39:34.27 
Feb 01, 2017 16:39:34.27 ###!!! [Child][OnMaybeDequeueOne] Error: Channel closing: too late to send/recv, messages will be lost
Feb 01, 2017 16:39:34.27 
Feb 01, 2017 16:39:34.27 
Feb 01, 2017 16:39:34.27 ###!!! [Child][MessageChannel] Error: (msgtype=0x4A00C4,name=PContent::Msg_ScriptError) Channel closing: too late to send/recv, messages will be lost
Feb 01, 2017 16:39:34.27 
Feb 01, 2017 16:39:34.28 
Feb 01, 2017 16:39:34.28 ###!!! [Child][OnMaybeDequeueOne] Error: Channel closing: too late to send/recv, messages will be lost
Feb 01, 2017 16:39:34.28 
Feb 01, 2017 16:39:34.28 
Feb 01, 2017 16:39:34.28 ###!!! [Child][OnMaybeDequeueOne] Error: Channel closing: too late to send/recv, messages will be lost
Feb 01, 2017 16:39:34.28 
Feb 01, 2017 16:39:34.28 
Feb 01, 2017 16:39:34.28 ###!!! [Child][MessageChannel] Error: (msgtype=0x4A00C4,name=PContent::Msg_ScriptError) Channel closing: too late to send/recv, messages will be lost
Feb 01, 2017 16:39:34.28 
Feb 01, 2017 16:39:34.28 
Feb 01, 2017 16:39:34.28 ###!!! [Child][MessageChannel] Error: (msgtype=0x4A011D,name=PContent::Msg_AsyncMessage) Channel closing: too late to send/recv, messages will be lost
Feb 01, 2017 16:39:34.28 
Feb 01, 2017 16:39:34.28 
Feb 01, 2017 16:39:34.28 ###!!! [Child][MessageChannel] Error: (msgtype=0x4A011D,name=PContent::Msg_AsyncMessage) Channel closing: too late to send/recv, messages will be lost
Feb 01, 2017 16:39:34.28 
Feb 01, 2017 16:39:34.28 
Feb 01, 2017 16:39:34.28 ###!!! [Child][MessageChannel] Error: (msgtype=0x2E0045,name=PBrowser::Msg___delete__) Channel closing: too late to send/recv, messages will be lost
Feb 01, 2017 16:39:34.28 
Feb 01, 2017 16:39:34.28 
Feb 01, 2017 16:39:34.28 ###!!! [Child][MessageChannel] Error: (msgtype=0x4A00C3,name=PContent::Msg_ConsoleMessage) Channel closing: too late to send/recv, messages will be lost
Feb 01, 2017 16:39:34.28 

Feb 03, 2017 17:08:21.82 NEW SESSION
Feb 03, 2017 17:08:21.82 1486121901809	addons.update-checker	WARN	Update manifest for firefox@getpocket.com did not contain an updates property
Feb 03, 2017 17:08:21.92 1486121901896	addons.update-checker	WARN	Update manifest for webcompat@mozilla.org did not contain an updates property
Feb 03, 2017 17:08:21.95 1486121901923	addons.update-checker	WARN	Update manifest for aushelper@mozilla.org did not contain an updates property
Feb 03, 2017 17:08:21.96 1486121901950	addons.update-checker	WARN	Update manifest for {972ce4c6-7e08-4474-a285-3208198ce6fd} did not contain an updates property
Feb 03, 2017 17:08:23.07 1486121903058	addons.update-checker	WARN	Update manifest for e10srollout@mozilla.org did not contain an updates property
Feb 03, 2017 17:11:26.18 [Parent 3608] WARNING: pipe error: 109: file c:/builds/moz2_slave/m-rel-w32-00000000000000000000/build/src/ipc/chromium/src/chrome/common/ipc_channel_win.cc, line 346

Feb 04, 2017 18:00:18.65 NEW SESSION
Feb 04, 2017 18:00:18.65 1486211418651	addons.update-checker	WARN	Update manifest for aushelper@mozilla.org did not contain an updates property
Feb 04, 2017 18:00:18.70 1486211418665	addons.update-checker	WARN	Update manifest for {972ce4c6-7e08-4474-a285-3208198ce6fd} did not contain an updates property
Feb 04, 2017 18:00:18.70 1486211418679	addons.update-checker	WARN	Update manifest for webcompat@mozilla.org did not contain an updates property
Feb 04, 2017 18:00:18.70 1486211418693	addons.update-checker	WARN	Update manifest for e10srollout@mozilla.org did not contain an updates property
Feb 04, 2017 18:00:18.71 1486211418706	addons.update-checker	WARN	Update manifest for firefox@getpocket.com did not contain an updates property
Feb 04, 2017 18:00:18.91 1486211418914	addons.update-checker	WARN	Update manifest for diagnostics@mozilla.org did not contain an updates property
Feb 04, 2017 18:00:18.95 1486211418948	addons.update-checker	WARN	Update manifest for hsts-priming@mozilla.org did not contain an updates property
